The system is: Linux - 6.8.0-49-generic - x86_64
Compiling the C compiler identification source file "CMakeCCompilerId.c" succeeded.
Compiler: /work/crosscompile/gcc-ubuntu-11.4.0-hobot-x86_64-aarch64-linux-gnu/usr/bin/aarch64-linux-gnu-gcc 
Build flags: 
Id flags:  

The output was:
0


Compilation of the C compiler identification source "CMakeCCompilerId.c" produced "a.out"

The C compiler identification is GNU, found in "/host/common_package/map/map_loader/build/CMakeFiles/3.25.0/CompilerIdC/a.out"

Compiling the CXX compiler identification source file "CMakeCXXCompilerId.cpp" succeeded.
Compiler: /work/crosscompile/gcc-ubuntu-11.4.0-hobot-x86_64-aarch64-linux-gnu/usr/bin/aarch64-linux-gnu-g++ 
Build flags: 
Id flags:  

The output was:
0


Compilation of the CXX compiler identification source "CMakeCXXCompilerId.cpp" produced "a.out"

The CXX compiler identification is GNU, found in "/host/common_package/map/map_loader/build/CMakeFiles/3.25.0/CompilerIdCXX/a.out"

Detecting C compiler ABI info compiled with the following output:
Change Dir: /host/common_package/map/map_loader/build/CMakeFiles/CMakeScratch/TryCompile-Qtdd9u

Run Build Command(s):/usr/bin/gmake -f Makefile cmTC_b84ce/fast && /usr/bin/gmake  -f CMakeFiles/cmTC_b84ce.dir/build.make CMakeFiles/cmTC_b84ce.dir/build
gmake[1]: Entering directory '/host/common_package/map/map_loader/build/CMakeFiles/CMakeScratch/TryCompile-Qtdd9u'
Building C object CMakeFiles/cmTC_b84ce.dir/CMakeCCompilerABI.c.o
/work/crosscompile/gcc-ubuntu-11.4.0-hobot-x86_64-aarch64-linux-gnu/usr/bin/aarch64-linux-gnu-gcc   -v -o CMakeFiles/cmTC_b84ce.dir/CMakeCCompilerABI.c.o -c /usr/local/share/cmake-3.25/Modules/CMakeCCompilerABI.c
Using built-in specs.
COLLECT_GCC=/work/crosscompile/gcc-ubuntu-11.4.0-hobot-x86_64-aarch64-linux-gnu/usr/bin/aarch64-linux-gnu-gcc
Target: aarch64-linux-gnu
Configured with: ../src/configure -v --with-pkgversion='Ubuntu 11.4.0-1ubuntu1~22.04' --with-bugurl=file:///usr/share/doc/gcc-11/README.Bugs --enable-languages=c,ada,c++,go,d,fortran,objc,obj-c++,m2 --prefix=/usr --with-gcc-major-version-only --program-suffix=-11 --enable-shared --enable-linker-build-id --libexecdir=/usr/lib --without-included-gettext --enable-threads=posix --libdir=/usr/lib --enable-nls --with-sysroot=/ --enable-clocale=gnu --enable-libstdcxx-debug --enable-libstdcxx-time=yes --with-default-libstdcxx-abi=new --enable-gnu-unique-object --disable-libquadmath --disable-libquadmath-support --enable-plugin --enable-default-pie --with-system-zlib --enable-libphobos-checking=release --without-target-system-zlib --enable-multiarch --enable-fix-cortex-a53-843419 --disable-werror --enable-checking=release --build=x86_64-linux-gnu --host=x86_64-linux-gnu --target=aarch64-linux-gnu --program-prefix=aarch64-linux-gnu- --includedir=/usr/aarch64-linux-gnu/include --with-build-config=bootstrap-lto-lean --enable-link-serialization=2
Thread model: posix
Supported LTO compression algorithms: zlib zstd
gcc version 11.4.0 (Ubuntu 11.4.0-1ubuntu1~22.04) 
COLLECT_GCC_OPTIONS='-v' '-o' 'CMakeFiles/cmTC_b84ce.dir/CMakeCCompilerABI.c.o' '-c' '-mlittle-endian' '-mabi=lp64' '-dumpdir' 'CMakeFiles/cmTC_b84ce.dir/'
 /work/crosscompile/gcc-ubuntu-11.4.0-hobot-x86_64-aarch64-linux-gnu/usr/bin/../lib/gcc-cross/aarch64-linux-gnu/11/cc1 -quiet -v -imultiarch aarch64-linux-gnu -iprefix /work/crosscompile/gcc-ubuntu-11.4.0-hobot-x86_64-aarch64-linux-gnu/usr/bin/../lib/gcc-cross/aarch64-linux-gnu/11/ /usr/local/share/cmake-3.25/Modules/CMakeCCompilerABI.c -quiet -dumpdir CMakeFiles/cmTC_b84ce.dir/ -dumpbase CMakeCCompilerABI.c.c -dumpbase-ext .c -mlittle-endian -mabi=lp64 -version -fasynchronous-unwind-tables -fstack-protector-strong -Wformat -Wformat-security -fstack-clash-protection -o /tmp/ccx3owgi.s
GNU C17 (Ubuntu 11.4.0-1ubuntu1~22.04) version 11.4.0 (aarch64-linux-gnu)
	compiled by GNU C version 11.4.0, GMP version 6.2.1, MPFR version 4.1.0, MPC version 1.2.1, isl version isl-0.24-GMP

GGC heuristics: --param ggc-min-expand=100 --param ggc-min-heapsize=131072
ignoring nonexistent directory "/work/crosscompile/gcc-ubuntu-11.4.0-hobot-x86_64-aarch64-linux-gnu/usr/bin/../lib/gcc-cross/aarch64-linux-gnu/11/include-fixed"
ignoring duplicate directory "/work/crosscompile/gcc-ubuntu-11.4.0-hobot-x86_64-aarch64-linux-gnu/usr/bin/../lib/gcc-cross/../../lib/gcc-cross/aarch64-linux-gnu/11/include"
ignoring nonexistent directory "/usr/local/include/aarch64-linux-gnu"
ignoring nonexistent directory "/work/crosscompile/gcc-ubuntu-11.4.0-hobot-x86_64-aarch64-linux-gnu/usr/bin/../lib/gcc-cross/../../lib/gcc-cross/aarch64-linux-gnu/11/include-fixed"
ignoring duplicate directory "/work/crosscompile/gcc-ubuntu-11.4.0-hobot-x86_64-aarch64-linux-gnu/usr/bin/../lib/gcc-cross/../../lib/gcc-cross/aarch64-linux-gnu/11/../../../../aarch64-linux-gnu/include"
#include "..." search starts here:
#include <...> search starts here:
 /work/crosscompile/gcc-ubuntu-11.4.0-hobot-x86_64-aarch64-linux-gnu/usr/bin/../lib/gcc-cross/aarch64-linux-gnu/11/include
 /work/crosscompile/gcc-ubuntu-11.4.0-hobot-x86_64-aarch64-linux-gnu/usr/bin/../lib/gcc-cross/aarch64-linux-gnu/11/../../../../aarch64-linux-gnu/include
 /usr/include/aarch64-linux-gnu
 /usr/include
End of search list.
GNU C17 (Ubuntu 11.4.0-1ubuntu1~22.04) version 11.4.0 (aarch64-linux-gnu)
	compiled by GNU C version 11.4.0, GMP version 6.2.1, MPFR version 4.1.0, MPC version 1.2.1, isl version isl-0.24-GMP

GGC heuristics: --param ggc-min-expand=100 --param ggc-min-heapsize=131072
Compiler executable checksum: 2e7b1ee81654360a14ff23d75e63392d
COLLECT_GCC_OPTIONS='-v' '-o' 'CMakeFiles/cmTC_b84ce.dir/CMakeCCompilerABI.c.o' '-c' '-mlittle-endian' '-mabi=lp64' '-dumpdir' 'CMakeFiles/cmTC_b84ce.dir/'
 /work/crosscompile/gcc-ubuntu-11.4.0-hobot-x86_64-aarch64-linux-gnu/usr/bin/../lib/gcc-cross/aarch64-linux-gnu/11/../../../../aarch64-linux-gnu/bin/as -v -EL -mabi=lp64 -o CMakeFiles/cmTC_b84ce.dir/CMakeCCompilerABI.c.o /tmp/ccx3owgi.s
GNU assembler version 2.38 (aarch64-linux-gnu) using BFD version (GNU Binutils for Ubuntu) 2.38
COMPILER_PATH=/work/crosscompile/gcc-ubuntu-11.4.0-hobot-x86_64-aarch64-linux-gnu/usr/bin/../lib/gcc-cross/aarch64-linux-gnu/11/:/work/crosscompile/gcc-ubuntu-11.4.0-hobot-x86_64-aarch64-linux-gnu/usr/bin/../lib/gcc-cross/aarch64-linux-gnu/:/work/crosscompile/gcc-ubuntu-11.4.0-hobot-x86_64-aarch64-linux-gnu/usr/bin/../lib/gcc-cross/:/work/crosscompile/gcc-ubuntu-11.4.0-hobot-x86_64-aarch64-linux-gnu/usr/bin/../lib/gcc-cross/aarch64-linux-gnu/11/../../../../aarch64-linux-gnu/bin/
LIBRARY_PATH=/work/crosscompile/gcc-ubuntu-11.4.0-hobot-x86_64-aarch64-linux-gnu/usr/bin/../lib/gcc-cross/aarch64-linux-gnu/11/:/work/crosscompile/gcc-ubuntu-11.4.0-hobot-x86_64-aarch64-linux-gnu/usr/bin/../lib/gcc-cross/aarch64-linux-gnu/:/work/crosscompile/gcc-ubuntu-11.4.0-hobot-x86_64-aarch64-linux-gnu/usr/bin/../lib/gcc-cross/:/work/crosscompile/gcc-ubuntu-11.4.0-hobot-x86_64-aarch64-linux-gnu/usr/bin/../lib/gcc-cross/aarch64-linux-gnu/11/../../../../aarch64-linux-gnu/lib/../lib/:/lib/aarch64-linux-gnu/:/lib/../lib/:/usr/lib/aarch64-linux-gnu/:/usr/lib/../lib/:/work/crosscompile/gcc-ubuntu-11.4.0-hobot-x86_64-aarch64-linux-gnu/usr/bin/../lib/gcc-cross/aarch64-linux-gnu/11/../../../../aarch64-linux-gnu/lib/:/lib/:/usr/lib/
COLLECT_GCC_OPTIONS='-v' '-o' 'CMakeFiles/cmTC_b84ce.dir/CMakeCCompilerABI.c.o' '-c' '-mlittle-endian' '-mabi=lp64' '-dumpdir' 'CMakeFiles/cmTC_b84ce.dir/CMakeCCompilerABI.c.'
Linking C executable cmTC_b84ce
/usr/local/bin/cmake -E cmake_link_script CMakeFiles/cmTC_b84ce.dir/link.txt --verbose=1
/work/crosscompile/gcc-ubuntu-11.4.0-hobot-x86_64-aarch64-linux-gnu/usr/bin/aarch64-linux-gnu-gcc  -v -rdynamic CMakeFiles/cmTC_b84ce.dir/CMakeCCompilerABI.c.o -o cmTC_b84ce 
Using built-in specs.
COLLECT_GCC=/work/crosscompile/gcc-ubuntu-11.4.0-hobot-x86_64-aarch64-linux-gnu/usr/bin/aarch64-linux-gnu-gcc
COLLECT_LTO_WRAPPER=/work/crosscompile/gcc-ubuntu-11.4.0-hobot-x86_64-aarch64-linux-gnu/usr/bin/../lib/gcc-cross/aarch64-linux-gnu/11/lto-wrapper
Target: aarch64-linux-gnu
Configured with: ../src/configure -v --with-pkgversion='Ubuntu 11.4.0-1ubuntu1~22.04' --with-bugurl=file:///usr/share/doc/gcc-11/README.Bugs --enable-languages=c,ada,c++,go,d,fortran,objc,obj-c++,m2 --prefix=/usr --with-gcc-major-version-only --program-suffix=-11 --enable-shared --enable-linker-build-id --libexecdir=/usr/lib --without-included-gettext --enable-threads=posix --libdir=/usr/lib --enable-nls --with-sysroot=/ --enable-clocale=gnu --enable-libstdcxx-debug --enable-libstdcxx-time=yes --with-default-libstdcxx-abi=new --enable-gnu-unique-object --disable-libquadmath --disable-libquadmath-support --enable-plugin --enable-default-pie --with-system-zlib --enable-libphobos-checking=release --without-target-system-zlib --enable-multiarch --enable-fix-cortex-a53-843419 --disable-werror --enable-checking=release --build=x86_64-linux-gnu --host=x86_64-linux-gnu --target=aarch64-linux-gnu --program-prefix=aarch64-linux-gnu- --includedir=/usr/aarch64-linux-gnu/include --with-build-config=bootstrap-lto-lean --enable-link-serialization=2
Thread model: posix
Supported LTO compression algorithms: zlib zstd
gcc version 11.4.0 (Ubuntu 11.4.0-1ubuntu1~22.04) 
COMPILER_PATH=/work/crosscompile/gcc-ubuntu-11.4.0-hobot-x86_64-aarch64-linux-gnu/usr/bin/../lib/gcc-cross/aarch64-linux-gnu/11/:/work/crosscompile/gcc-ubuntu-11.4.0-hobot-x86_64-aarch64-linux-gnu/usr/bin/../lib/gcc-cross/aarch64-linux-gnu/:/work/crosscompile/gcc-ubuntu-11.4.0-hobot-x86_64-aarch64-linux-gnu/usr/bin/../lib/gcc-cross/:/work/crosscompile/gcc-ubuntu-11.4.0-hobot-x86_64-aarch64-linux-gnu/usr/bin/../lib/gcc-cross/aarch64-linux-gnu/11/../../../../aarch64-linux-gnu/bin/
LIBRARY_PATH=/work/crosscompile/gcc-ubuntu-11.4.0-hobot-x86_64-aarch64-linux-gnu/usr/bin/../lib/gcc-cross/aarch64-linux-gnu/11/:/work/crosscompile/gcc-ubuntu-11.4.0-hobot-x86_64-aarch64-linux-gnu/usr/bin/../lib/gcc-cross/aarch64-linux-gnu/:/work/crosscompile/gcc-ubuntu-11.4.0-hobot-x86_64-aarch64-linux-gnu/usr/bin/../lib/gcc-cross/:/work/crosscompile/gcc-ubuntu-11.4.0-hobot-x86_64-aarch64-linux-gnu/usr/bin/../lib/gcc-cross/aarch64-linux-gnu/11/../../../../aarch64-linux-gnu/lib/../lib/:/lib/aarch64-linux-gnu/:/lib/../lib/:/usr/lib/aarch64-linux-gnu/:/usr/lib/../lib/:/work/crosscompile/gcc-ubuntu-11.4.0-hobot-x86_64-aarch64-linux-gnu/usr/bin/../lib/gcc-cross/aarch64-linux-gnu/11/../../../../aarch64-linux-gnu/lib/:/lib/:/usr/lib/
COLLECT_GCC_OPTIONS='-v' '-rdynamic' '-o' 'cmTC_b84ce' '-mlittle-endian' '-mabi=lp64' '-dumpdir' 'cmTC_b84ce.'
 /work/crosscompile/gcc-ubuntu-11.4.0-hobot-x86_64-aarch64-linux-gnu/usr/bin/../lib/gcc-cross/aarch64-linux-gnu/11/collect2 -plugin /work/crosscompile/gcc-ubuntu-11.4.0-hobot-x86_64-aarch64-linux-gnu/usr/bin/../lib/gcc-cross/aarch64-linux-gnu/11/liblto_plugin.so -plugin-opt=/work/crosscompile/gcc-ubuntu-11.4.0-hobot-x86_64-aarch64-linux-gnu/usr/bin/../lib/gcc-cross/aarch64-linux-gnu/11/lto-wrapper -plugin-opt=-fresolution=/tmp/ccBsTjiF.res -plugin-opt=-pass-through=-lgcc -plugin-opt=-pass-through=-lgcc_s -plugin-opt=-pass-through=-lc -plugin-opt=-pass-through=-lgcc -plugin-opt=-pass-through=-lgcc_s --sysroot=/ --build-id --eh-frame-hdr --hash-style=gnu --as-needed -export-dynamic -dynamic-linker /lib/ld-linux-aarch64.so.1 -X -EL -maarch64linux --fix-cortex-a53-843419 -pie -z now -z relro -o cmTC_b84ce /work/crosscompile/gcc-ubuntu-11.4.0-hobot-x86_64-aarch64-linux-gnu/usr/bin/../lib/gcc-cross/aarch64-linux-gnu/11/../../../../aarch64-linux-gnu/lib/../lib/Scrt1.o /work/crosscompile/gcc-ubuntu-11.4.0-hobot-x86_64-aarch64-linux-gnu/usr/bin/../lib/gcc-cross/aarch64-linux-gnu/11/../../../../aarch64-linux-gnu/lib/../lib/crti.o /work/crosscompile/gcc-ubuntu-11.4.0-hobot-x86_64-aarch64-linux-gnu/usr/bin/../lib/gcc-cross/aarch64-linux-gnu/11/crtbeginS.o -L/work/crosscompile/gcc-ubuntu-11.4.0-hobot-x86_64-aarch64-linux-gnu/usr/bin/../lib/gcc-cross/aarch64-linux-gnu/11 -L/work/crosscompile/gcc-ubuntu-11.4.0-hobot-x86_64-aarch64-linux-gnu/usr/bin/../lib/gcc-cross/aarch64-linux-gnu -L/work/crosscompile/gcc-ubuntu-11.4.0-hobot-x86_64-aarch64-linux-gnu/usr/bin/../lib/gcc-cross -L/work/crosscompile/gcc-ubuntu-11.4.0-hobot-x86_64-aarch64-linux-gnu/usr/bin/../lib/gcc-cross/aarch64-linux-gnu/11/../../../../aarch64-linux-gnu/lib/../lib -L/lib/aarch64-linux-gnu -L/lib/../lib -L/usr/lib/aarch64-linux-gnu -L/usr/lib/../lib -L/work/crosscompile/gcc-ubuntu-11.4.0-hobot-x86_64-aarch64-linux-gnu/usr/bin/../lib/gcc-cross/aarch64-linux-gnu/11/../../../../aarch64-linux-gnu/lib CMakeFiles/cmTC_b84ce.dir/CMakeCCompilerABI.c.o -lgcc --push-state --as-needed -lgcc_s --pop-state -lc -lgcc --push-state --as-needed -lgcc_s --pop-state /work/crosscompile/gcc-ubuntu-11.4.0-hobot-x86_64-aarch64-linux-gnu/usr/bin/../lib/gcc-cross/aarch64-linux-gnu/11/crtendS.o /work/crosscompile/gcc-ubuntu-11.4.0-hobot-x86_64-aarch64-linux-gnu/usr/bin/../lib/gcc-cross/aarch64-linux-gnu/11/../../../../aarch64-linux-gnu/lib/../lib/crtn.o
COLLECT_GCC_OPTIONS='-v' '-rdynamic' '-o' 'cmTC_b84ce' '-mlittle-endian' '-mabi=lp64' '-dumpdir' 'cmTC_b84ce.'
gmake[1]: Leaving directory '/host/common_package/map/map_loader/build/CMakeFiles/CMakeScratch/TryCompile-Qtdd9u'



Parsed C implicit include dir info from above output: rv=done
  found start of include info
  found start of implicit include info
    add: [/work/crosscompile/gcc-ubuntu-11.4.0-hobot-x86_64-aarch64-linux-gnu/usr/bin/../lib/gcc-cross/aarch64-linux-gnu/11/include]
    add: [/work/crosscompile/gcc-ubuntu-11.4.0-hobot-x86_64-aarch64-linux-gnu/usr/bin/../lib/gcc-cross/aarch64-linux-gnu/11/../../../../aarch64-linux-gnu/include]
    add: [/usr/include/aarch64-linux-gnu]
    add: [/usr/include]
  end of search list found
  collapse include dir [/work/crosscompile/gcc-ubuntu-11.4.0-hobot-x86_64-aarch64-linux-gnu/usr/bin/../lib/gcc-cross/aarch64-linux-gnu/11/include] ==> [/work/crosscompile/gcc-ubuntu-11.4.0-hobot-x86_64-aarch64-linux-gnu/usr/lib/gcc-cross/aarch64-linux-gnu/11/include]
  collapse include dir [/work/crosscompile/gcc-ubuntu-11.4.0-hobot-x86_64-aarch64-linux-gnu/usr/bin/../lib/gcc-cross/aarch64-linux-gnu/11/../../../../aarch64-linux-gnu/include] ==> [/work/crosscompile/gcc-ubuntu-11.4.0-hobot-x86_64-aarch64-linux-gnu/usr/aarch64-linux-gnu/include]
  collapse include dir [/usr/include/aarch64-linux-gnu] ==> [/usr/include/aarch64-linux-gnu]
  collapse include dir [/usr/include] ==> [/usr/include]
  implicit include dirs: [/work/crosscompile/gcc-ubuntu-11.4.0-hobot-x86_64-aarch64-linux-gnu/usr/lib/gcc-cross/aarch64-linux-gnu/11/include;/work/crosscompile/gcc-ubuntu-11.4.0-hobot-x86_64-aarch64-linux-gnu/usr/aarch64-linux-gnu/include;/usr/include/aarch64-linux-gnu;/usr/include]


Parsed C implicit link information from above output:
  link line regex: [^( *|.*[/\])(aarch64-linux-gnu-ld|CMAKE_LINK_STARTFILE-NOTFOUND|([^/\]+-)?ld|collect2)[^/\]*( |$)]
  ignore line: [Change Dir: /host/common_package/map/map_loader/build/CMakeFiles/CMakeScratch/TryCompile-Qtdd9u]
  ignore line: []
  ignore line: [Run Build Command(s):/usr/bin/gmake -f Makefile cmTC_b84ce/fast && /usr/bin/gmake  -f CMakeFiles/cmTC_b84ce.dir/build.make CMakeFiles/cmTC_b84ce.dir/build]
  ignore line: [gmake[1]: Entering directory '/host/common_package/map/map_loader/build/CMakeFiles/CMakeScratch/TryCompile-Qtdd9u']
  ignore line: [Building C object CMakeFiles/cmTC_b84ce.dir/CMakeCCompilerABI.c.o]
  ignore line: [/work/crosscompile/gcc-ubuntu-11.4.0-hobot-x86_64-aarch64-linux-gnu/usr/bin/aarch64-linux-gnu-gcc   -v -o CMakeFiles/cmTC_b84ce.dir/CMakeCCompilerABI.c.o -c /usr/local/share/cmake-3.25/Modules/CMakeCCompilerABI.c]
  ignore line: [Using built-in specs.]
  ignore line: [COLLECT_GCC=/work/crosscompile/gcc-ubuntu-11.4.0-hobot-x86_64-aarch64-linux-gnu/usr/bin/aarch64-linux-gnu-gcc]
  ignore line: [Target: aarch64-linux-gnu]
  ignore line: [Configured with: ../src/configure -v --with-pkgversion='Ubuntu 11.4.0-1ubuntu1~22.04' --with-bugurl=file:///usr/share/doc/gcc-11/README.Bugs --enable-languages=c ada c++ go d fortran objc obj-c++ m2 --prefix=/usr --with-gcc-major-version-only --program-suffix=-11 --enable-shared --enable-linker-build-id --libexecdir=/usr/lib --without-included-gettext --enable-threads=posix --libdir=/usr/lib --enable-nls --with-sysroot=/ --enable-clocale=gnu --enable-libstdcxx-debug --enable-libstdcxx-time=yes --with-default-libstdcxx-abi=new --enable-gnu-unique-object --disable-libquadmath --disable-libquadmath-support --enable-plugin --enable-default-pie --with-system-zlib --enable-libphobos-checking=release --without-target-system-zlib --enable-multiarch --enable-fix-cortex-a53-843419 --disable-werror --enable-checking=release --build=x86_64-linux-gnu --host=x86_64-linux-gnu --target=aarch64-linux-gnu --program-prefix=aarch64-linux-gnu- --includedir=/usr/aarch64-linux-gnu/include --with-build-config=bootstrap-lto-lean --enable-link-serialization=2]
  ignore line: [Thread model: posix]
  ignore line: [Supported LTO compression algorithms: zlib zstd]
  ignore line: [gcc version 11.4.0 (Ubuntu 11.4.0-1ubuntu1~22.04) ]
  ignore line: [COLLECT_GCC_OPTIONS='-v' '-o' 'CMakeFiles/cmTC_b84ce.dir/CMakeCCompilerABI.c.o' '-c' '-mlittle-endian' '-mabi=lp64' '-dumpdir' 'CMakeFiles/cmTC_b84ce.dir/']
  ignore line: [ /work/crosscompile/gcc-ubuntu-11.4.0-hobot-x86_64-aarch64-linux-gnu/usr/bin/../lib/gcc-cross/aarch64-linux-gnu/11/cc1 -quiet -v -imultiarch aarch64-linux-gnu -iprefix /work/crosscompile/gcc-ubuntu-11.4.0-hobot-x86_64-aarch64-linux-gnu/usr/bin/../lib/gcc-cross/aarch64-linux-gnu/11/ /usr/local/share/cmake-3.25/Modules/CMakeCCompilerABI.c -quiet -dumpdir CMakeFiles/cmTC_b84ce.dir/ -dumpbase CMakeCCompilerABI.c.c -dumpbase-ext .c -mlittle-endian -mabi=lp64 -version -fasynchronous-unwind-tables -fstack-protector-strong -Wformat -Wformat-security -fstack-clash-protection -o /tmp/ccx3owgi.s]
  ignore line: [GNU C17 (Ubuntu 11.4.0-1ubuntu1~22.04) version 11.4.0 (aarch64-linux-gnu)]
  ignore line: [	compiled by GNU C version 11.4.0  GMP version 6.2.1  MPFR version 4.1.0  MPC version 1.2.1  isl version isl-0.24-GMP]
  ignore line: []
  ignore line: [GGC heuristics: --param ggc-min-expand=100 --param ggc-min-heapsize=131072]
  ignore line: [ignoring nonexistent directory "/work/crosscompile/gcc-ubuntu-11.4.0-hobot-x86_64-aarch64-linux-gnu/usr/bin/../lib/gcc-cross/aarch64-linux-gnu/11/include-fixed"]
  ignore line: [ignoring duplicate directory "/work/crosscompile/gcc-ubuntu-11.4.0-hobot-x86_64-aarch64-linux-gnu/usr/bin/../lib/gcc-cross/../../lib/gcc-cross/aarch64-linux-gnu/11/include"]
  ignore line: [ignoring nonexistent directory "/usr/local/include/aarch64-linux-gnu"]
  ignore line: [ignoring nonexistent directory "/work/crosscompile/gcc-ubuntu-11.4.0-hobot-x86_64-aarch64-linux-gnu/usr/bin/../lib/gcc-cross/../../lib/gcc-cross/aarch64-linux-gnu/11/include-fixed"]
  ignore line: [ignoring duplicate directory "/work/crosscompile/gcc-ubuntu-11.4.0-hobot-x86_64-aarch64-linux-gnu/usr/bin/../lib/gcc-cross/../../lib/gcc-cross/aarch64-linux-gnu/11/../../../../aarch64-linux-gnu/include"]
  ignore line: [#include "..." search starts here:]
  ignore line: [#include <...> search starts here:]
  ignore line: [ /work/crosscompile/gcc-ubuntu-11.4.0-hobot-x86_64-aarch64-linux-gnu/usr/bin/../lib/gcc-cross/aarch64-linux-gnu/11/include]
  ignore line: [ /work/crosscompile/gcc-ubuntu-11.4.0-hobot-x86_64-aarch64-linux-gnu/usr/bin/../lib/gcc-cross/aarch64-linux-gnu/11/../../../../aarch64-linux-gnu/include]
  ignore line: [ /usr/include/aarch64-linux-gnu]
  ignore line: [ /usr/include]
  ignore line: [End of search list.]
  ignore line: [GNU C17 (Ubuntu 11.4.0-1ubuntu1~22.04) version 11.4.0 (aarch64-linux-gnu)]
  ignore line: [	compiled by GNU C version 11.4.0  GMP version 6.2.1  MPFR version 4.1.0  MPC version 1.2.1  isl version isl-0.24-GMP]
  ignore line: []
  ignore line: [GGC heuristics: --param ggc-min-expand=100 --param ggc-min-heapsize=131072]
  ignore line: [Compiler executable checksum: 2e7b1ee81654360a14ff23d75e63392d]
  ignore line: [COLLECT_GCC_OPTIONS='-v' '-o' 'CMakeFiles/cmTC_b84ce.dir/CMakeCCompilerABI.c.o' '-c' '-mlittle-endian' '-mabi=lp64' '-dumpdir' 'CMakeFiles/cmTC_b84ce.dir/']
  ignore line: [ /work/crosscompile/gcc-ubuntu-11.4.0-hobot-x86_64-aarch64-linux-gnu/usr/bin/../lib/gcc-cross/aarch64-linux-gnu/11/../../../../aarch64-linux-gnu/bin/as -v -EL -mabi=lp64 -o CMakeFiles/cmTC_b84ce.dir/CMakeCCompilerABI.c.o /tmp/ccx3owgi.s]
  ignore line: [GNU assembler version 2.38 (aarch64-linux-gnu) using BFD version (GNU Binutils for Ubuntu) 2.38]
  ignore line: [COMPILER_PATH=/work/crosscompile/gcc-ubuntu-11.4.0-hobot-x86_64-aarch64-linux-gnu/usr/bin/../lib/gcc-cross/aarch64-linux-gnu/11/:/work/crosscompile/gcc-ubuntu-11.4.0-hobot-x86_64-aarch64-linux-gnu/usr/bin/../lib/gcc-cross/aarch64-linux-gnu/:/work/crosscompile/gcc-ubuntu-11.4.0-hobot-x86_64-aarch64-linux-gnu/usr/bin/../lib/gcc-cross/:/work/crosscompile/gcc-ubuntu-11.4.0-hobot-x86_64-aarch64-linux-gnu/usr/bin/../lib/gcc-cross/aarch64-linux-gnu/11/../../../../aarch64-linux-gnu/bin/]
  ignore line: [LIBRARY_PATH=/work/crosscompile/gcc-ubuntu-11.4.0-hobot-x86_64-aarch64-linux-gnu/usr/bin/../lib/gcc-cross/aarch64-linux-gnu/11/:/work/crosscompile/gcc-ubuntu-11.4.0-hobot-x86_64-aarch64-linux-gnu/usr/bin/../lib/gcc-cross/aarch64-linux-gnu/:/work/crosscompile/gcc-ubuntu-11.4.0-hobot-x86_64-aarch64-linux-gnu/usr/bin/../lib/gcc-cross/:/work/crosscompile/gcc-ubuntu-11.4.0-hobot-x86_64-aarch64-linux-gnu/usr/bin/../lib/gcc-cross/aarch64-linux-gnu/11/../../../../aarch64-linux-gnu/lib/../lib/:/lib/aarch64-linux-gnu/:/lib/../lib/:/usr/lib/aarch64-linux-gnu/:/usr/lib/../lib/:/work/crosscompile/gcc-ubuntu-11.4.0-hobot-x86_64-aarch64-linux-gnu/usr/bin/../lib/gcc-cross/aarch64-linux-gnu/11/../../../../aarch64-linux-gnu/lib/:/lib/:/usr/lib/]
  ignore line: [COLLECT_GCC_OPTIONS='-v' '-o' 'CMakeFiles/cmTC_b84ce.dir/CMakeCCompilerABI.c.o' '-c' '-mlittle-endian' '-mabi=lp64' '-dumpdir' 'CMakeFiles/cmTC_b84ce.dir/CMakeCCompilerABI.c.']
  ignore line: [Linking C executable cmTC_b84ce]
  ignore line: [/usr/local/bin/cmake -E cmake_link_script CMakeFiles/cmTC_b84ce.dir/link.txt --verbose=1]
  ignore line: [/work/crosscompile/gcc-ubuntu-11.4.0-hobot-x86_64-aarch64-linux-gnu/usr/bin/aarch64-linux-gnu-gcc  -v -rdynamic CMakeFiles/cmTC_b84ce.dir/CMakeCCompilerABI.c.o -o cmTC_b84ce ]
  ignore line: [Using built-in specs.]
  ignore line: [COLLECT_GCC=/work/crosscompile/gcc-ubuntu-11.4.0-hobot-x86_64-aarch64-linux-gnu/usr/bin/aarch64-linux-gnu-gcc]
  ignore line: [COLLECT_LTO_WRAPPER=/work/crosscompile/gcc-ubuntu-11.4.0-hobot-x86_64-aarch64-linux-gnu/usr/bin/../lib/gcc-cross/aarch64-linux-gnu/11/lto-wrapper]
  ignore line: [Target: aarch64-linux-gnu]
  ignore line: [Configured with: ../src/configure -v --with-pkgversion='Ubuntu 11.4.0-1ubuntu1~22.04' --with-bugurl=file:///usr/share/doc/gcc-11/README.Bugs --enable-languages=c ada c++ go d fortran objc obj-c++ m2 --prefix=/usr --with-gcc-major-version-only --program-suffix=-11 --enable-shared --enable-linker-build-id --libexecdir=/usr/lib --without-included-gettext --enable-threads=posix --libdir=/usr/lib --enable-nls --with-sysroot=/ --enable-clocale=gnu --enable-libstdcxx-debug --enable-libstdcxx-time=yes --with-default-libstdcxx-abi=new --enable-gnu-unique-object --disable-libquadmath --disable-libquadmath-support --enable-plugin --enable-default-pie --with-system-zlib --enable-libphobos-checking=release --without-target-system-zlib --enable-multiarch --enable-fix-cortex-a53-843419 --disable-werror --enable-checking=release --build=x86_64-linux-gnu --host=x86_64-linux-gnu --target=aarch64-linux-gnu --program-prefix=aarch64-linux-gnu- --includedir=/usr/aarch64-linux-gnu/include --with-build-config=bootstrap-lto-lean --enable-link-serialization=2]
  ignore line: [Thread model: posix]
  ignore line: [Supported LTO compression algorithms: zlib zstd]
  ignore line: [gcc version 11.4.0 (Ubuntu 11.4.0-1ubuntu1~22.04) ]
  ignore line: [COMPILER_PATH=/work/crosscompile/gcc-ubuntu-11.4.0-hobot-x86_64-aarch64-linux-gnu/usr/bin/../lib/gcc-cross/aarch64-linux-gnu/11/:/work/crosscompile/gcc-ubuntu-11.4.0-hobot-x86_64-aarch64-linux-gnu/usr/bin/../lib/gcc-cross/aarch64-linux-gnu/:/work/crosscompile/gcc-ubuntu-11.4.0-hobot-x86_64-aarch64-linux-gnu/usr/bin/../lib/gcc-cross/:/work/crosscompile/gcc-ubuntu-11.4.0-hobot-x86_64-aarch64-linux-gnu/usr/bin/../lib/gcc-cross/aarch64-linux-gnu/11/../../../../aarch64-linux-gnu/bin/]
  ignore line: [LIBRARY_PATH=/work/crosscompile/gcc-ubuntu-11.4.0-hobot-x86_64-aarch64-linux-gnu/usr/bin/../lib/gcc-cross/aarch64-linux-gnu/11/:/work/crosscompile/gcc-ubuntu-11.4.0-hobot-x86_64-aarch64-linux-gnu/usr/bin/../lib/gcc-cross/aarch64-linux-gnu/:/work/crosscompile/gcc-ubuntu-11.4.0-hobot-x86_64-aarch64-linux-gnu/usr/bin/../lib/gcc-cross/:/work/crosscompile/gcc-ubuntu-11.4.0-hobot-x86_64-aarch64-linux-gnu/usr/bin/../lib/gcc-cross/aarch64-linux-gnu/11/../../../../aarch64-linux-gnu/lib/../lib/:/lib/aarch64-linux-gnu/:/lib/../lib/:/usr/lib/aarch64-linux-gnu/:/usr/lib/../lib/:/work/crosscompile/gcc-ubuntu-11.4.0-hobot-x86_64-aarch64-linux-gnu/usr/bin/../lib/gcc-cross/aarch64-linux-gnu/11/../../../../aarch64-linux-gnu/lib/:/lib/:/usr/lib/]
  ignore line: [COLLECT_GCC_OPTIONS='-v' '-rdynamic' '-o' 'cmTC_b84ce' '-mlittle-endian' '-mabi=lp64' '-dumpdir' 'cmTC_b84ce.']
  link line: [ /work/crosscompile/gcc-ubuntu-11.4.0-hobot-x86_64-aarch64-linux-gnu/usr/bin/../lib/gcc-cross/aarch64-linux-gnu/11/collect2 -plugin /work/crosscompile/gcc-ubuntu-11.4.0-hobot-x86_64-aarch64-linux-gnu/usr/bin/../lib/gcc-cross/aarch64-linux-gnu/11/liblto_plugin.so -plugin-opt=/work/crosscompile/gcc-ubuntu-11.4.0-hobot-x86_64-aarch64-linux-gnu/usr/bin/../lib/gcc-cross/aarch64-linux-gnu/11/lto-wrapper -plugin-opt=-fresolution=/tmp/ccBsTjiF.res -plugin-opt=-pass-through=-lgcc -plugin-opt=-pass-through=-lgcc_s -plugin-opt=-pass-through=-lc -plugin-opt=-pass-through=-lgcc -plugin-opt=-pass-through=-lgcc_s --sysroot=/ --build-id --eh-frame-hdr --hash-style=gnu --as-needed -export-dynamic -dynamic-linker /lib/ld-linux-aarch64.so.1 -X -EL -maarch64linux --fix-cortex-a53-843419 -pie -z now -z relro -o cmTC_b84ce /work/crosscompile/gcc-ubuntu-11.4.0-hobot-x86_64-aarch64-linux-gnu/usr/bin/../lib/gcc-cross/aarch64-linux-gnu/11/../../../../aarch64-linux-gnu/lib/../lib/Scrt1.o /work/crosscompile/gcc-ubuntu-11.4.0-hobot-x86_64-aarch64-linux-gnu/usr/bin/../lib/gcc-cross/aarch64-linux-gnu/11/../../../../aarch64-linux-gnu/lib/../lib/crti.o /work/crosscompile/gcc-ubuntu-11.4.0-hobot-x86_64-aarch64-linux-gnu/usr/bin/../lib/gcc-cross/aarch64-linux-gnu/11/crtbeginS.o -L/work/crosscompile/gcc-ubuntu-11.4.0-hobot-x86_64-aarch64-linux-gnu/usr/bin/../lib/gcc-cross/aarch64-linux-gnu/11 -L/work/crosscompile/gcc-ubuntu-11.4.0-hobot-x86_64-aarch64-linux-gnu/usr/bin/../lib/gcc-cross/aarch64-linux-gnu -L/work/crosscompile/gcc-ubuntu-11.4.0-hobot-x86_64-aarch64-linux-gnu/usr/bin/../lib/gcc-cross -L/work/crosscompile/gcc-ubuntu-11.4.0-hobot-x86_64-aarch64-linux-gnu/usr/bin/../lib/gcc-cross/aarch64-linux-gnu/11/../../../../aarch64-linux-gnu/lib/../lib -L/lib/aarch64-linux-gnu -L/lib/../lib -L/usr/lib/aarch64-linux-gnu -L/usr/lib/../lib -L/work/crosscompile/gcc-ubuntu-11.4.0-hobot-x86_64-aarch64-linux-gnu/usr/bin/../lib/gcc-cross/aarch64-linux-gnu/11/../../../../aarch64-linux-gnu/lib CMakeFiles/cmTC_b84ce.dir/CMakeCCompilerABI.c.o -lgcc --push-state --as-needed -lgcc_s --pop-state -lc -lgcc --push-state --as-needed -lgcc_s --pop-state /work/crosscompile/gcc-ubuntu-11.4.0-hobot-x86_64-aarch64-linux-gnu/usr/bin/../lib/gcc-cross/aarch64-linux-gnu/11/crtendS.o /work/crosscompile/gcc-ubuntu-11.4.0-hobot-x86_64-aarch64-linux-gnu/usr/bin/../lib/gcc-cross/aarch64-linux-gnu/11/../../../../aarch64-linux-gnu/lib/../lib/crtn.o]
    arg [/work/crosscompile/gcc-ubuntu-11.4.0-hobot-x86_64-aarch64-linux-gnu/usr/bin/../lib/gcc-cross/aarch64-linux-gnu/11/collect2] ==> ignore
    arg [-plugin] ==> ignore
    arg [/work/crosscompile/gcc-ubuntu-11.4.0-hobot-x86_64-aarch64-linux-gnu/usr/bin/../lib/gcc-cross/aarch64-linux-gnu/11/liblto_plugin.so] ==> ignore
    arg [-plugin-opt=/work/crosscompile/gcc-ubuntu-11.4.0-hobot-x86_64-aarch64-linux-gnu/usr/bin/../lib/gcc-cross/aarch64-linux-gnu/11/lto-wrapper] ==> ignore
    arg [-plugin-opt=-fresolution=/tmp/ccBsTjiF.res] ==> ignore
    arg [-plugin-opt=-pass-through=-lgcc] ==> ignore
    arg [-plugin-opt=-pass-through=-lgcc_s] ==> ignore
    arg [-plugin-opt=-pass-through=-lc] ==> ignore
    arg [-plugin-opt=-pass-through=-lgcc] ==> ignore
    arg [-plugin-opt=-pass-through=-lgcc_s] ==> ignore
    arg [--sysroot=/] ==> ignore
    arg [--build-id] ==> ignore
    arg [--eh-frame-hdr] ==> ignore
    arg [--hash-style=gnu] ==> ignore
    arg [--as-needed] ==> ignore
    arg [-export-dynamic] ==> ignore
    arg [-dynamic-linker] ==> ignore
    arg [/lib/ld-linux-aarch64.so.1] ==> ignore
    arg [-X] ==> ignore
    arg [-EL] ==> ignore
    arg [-maarch64linux] ==> ignore
    arg [--fix-cortex-a53-843419] ==> ignore
    arg [-pie] ==> ignore
    arg [-znow] ==> ignore
    arg [-zrelro] ==> ignore
    arg [-o] ==> ignore
    arg [cmTC_b84ce] ==> ignore
    arg [/work/crosscompile/gcc-ubuntu-11.4.0-hobot-x86_64-aarch64-linux-gnu/usr/bin/../lib/gcc-cross/aarch64-linux-gnu/11/../../../../aarch64-linux-gnu/lib/../lib/Scrt1.o] ==> obj [/work/crosscompile/gcc-ubuntu-11.4.0-hobot-x86_64-aarch64-linux-gnu/usr/bin/../lib/gcc-cross/aarch64-linux-gnu/11/../../../../aarch64-linux-gnu/lib/../lib/Scrt1.o]
    arg [/work/crosscompile/gcc-ubuntu-11.4.0-hobot-x86_64-aarch64-linux-gnu/usr/bin/../lib/gcc-cross/aarch64-linux-gnu/11/../../../../aarch64-linux-gnu/lib/../lib/crti.o] ==> obj [/work/crosscompile/gcc-ubuntu-11.4.0-hobot-x86_64-aarch64-linux-gnu/usr/bin/../lib/gcc-cross/aarch64-linux-gnu/11/../../../../aarch64-linux-gnu/lib/../lib/crti.o]
    arg [/work/crosscompile/gcc-ubuntu-11.4.0-hobot-x86_64-aarch64-linux-gnu/usr/bin/../lib/gcc-cross/aarch64-linux-gnu/11/crtbeginS.o] ==> obj [/work/crosscompile/gcc-ubuntu-11.4.0-hobot-x86_64-aarch64-linux-gnu/usr/bin/../lib/gcc-cross/aarch64-linux-gnu/11/crtbeginS.o]
    arg [-L/work/crosscompile/gcc-ubuntu-11.4.0-hobot-x86_64-aarch64-linux-gnu/usr/bin/../lib/gcc-cross/aarch64-linux-gnu/11] ==> dir [/work/crosscompile/gcc-ubuntu-11.4.0-hobot-x86_64-aarch64-linux-gnu/usr/bin/../lib/gcc-cross/aarch64-linux-gnu/11]
    arg [-L/work/crosscompile/gcc-ubuntu-11.4.0-hobot-x86_64-aarch64-linux-gnu/usr/bin/../lib/gcc-cross/aarch64-linux-gnu] ==> dir [/work/crosscompile/gcc-ubuntu-11.4.0-hobot-x86_64-aarch64-linux-gnu/usr/bin/../lib/gcc-cross/aarch64-linux-gnu]
    arg [-L/work/crosscompile/gcc-ubuntu-11.4.0-hobot-x86_64-aarch64-linux-gnu/usr/bin/../lib/gcc-cross] ==> dir [/work/crosscompile/gcc-ubuntu-11.4.0-hobot-x86_64-aarch64-linux-gnu/usr/bin/../lib/gcc-cross]
    arg [-L/work/crosscompile/gcc-ubuntu-11.4.0-hobot-x86_64-aarch64-linux-gnu/usr/bin/../lib/gcc-cross/aarch64-linux-gnu/11/../../../../aarch64-linux-gnu/lib/../lib] ==> dir [/work/crosscompile/gcc-ubuntu-11.4.0-hobot-x86_64-aarch64-linux-gnu/usr/bin/../lib/gcc-cross/aarch64-linux-gnu/11/../../../../aarch64-linux-gnu/lib/../lib]
    arg [-L/lib/aarch64-linux-gnu] ==> dir [/lib/aarch64-linux-gnu]
    arg [-L/lib/../lib] ==> dir [/lib/../lib]
    arg [-L/usr/lib/aarch64-linux-gnu] ==> dir [/usr/lib/aarch64-linux-gnu]
    arg [-L/usr/lib/../lib] ==> dir [/usr/lib/../lib]
    arg [-L/work/crosscompile/gcc-ubuntu-11.4.0-hobot-x86_64-aarch64-linux-gnu/usr/bin/../lib/gcc-cross/aarch64-linux-gnu/11/../../../../aarch64-linux-gnu/lib] ==> dir [/work/crosscompile/gcc-ubuntu-11.4.0-hobot-x86_64-aarch64-linux-gnu/usr/bin/../lib/gcc-cross/aarch64-linux-gnu/11/../../../../aarch64-linux-gnu/lib]
    arg [CMakeFiles/cmTC_b84ce.dir/CMakeCCompilerABI.c.o] ==> ignore
    arg [-lgcc] ==> lib [gcc]
    arg [--push-state] ==> ignore
    arg [--as-needed] ==> ignore
    arg [-lgcc_s] ==> lib [gcc_s]
    arg [--pop-state] ==> ignore
    arg [-lc] ==> lib [c]
    arg [-lgcc] ==> lib [gcc]
    arg [--push-state] ==> ignore
    arg [--as-needed] ==> ignore
    arg [-lgcc_s] ==> lib [gcc_s]
    arg [--pop-state] ==> ignore
    arg [/work/crosscompile/gcc-ubuntu-11.4.0-hobot-x86_64-aarch64-linux-gnu/usr/bin/../lib/gcc-cross/aarch64-linux-gnu/11/crtendS.o] ==> obj [/work/crosscompile/gcc-ubuntu-11.4.0-hobot-x86_64-aarch64-linux-gnu/usr/bin/../lib/gcc-cross/aarch64-linux-gnu/11/crtendS.o]
    arg [/work/crosscompile/gcc-ubuntu-11.4.0-hobot-x86_64-aarch64-linux-gnu/usr/bin/../lib/gcc-cross/aarch64-linux-gnu/11/../../../../aarch64-linux-gnu/lib/../lib/crtn.o] ==> obj [/work/crosscompile/gcc-ubuntu-11.4.0-hobot-x86_64-aarch64-linux-gnu/usr/bin/../lib/gcc-cross/aarch64-linux-gnu/11/../../../../aarch64-linux-gnu/lib/../lib/crtn.o]
  collapse obj [/work/crosscompile/gcc-ubuntu-11.4.0-hobot-x86_64-aarch64-linux-gnu/usr/bin/../lib/gcc-cross/aarch64-linux-gnu/11/../../../../aarch64-linux-gnu/lib/../lib/Scrt1.o] ==> [/work/crosscompile/gcc-ubuntu-11.4.0-hobot-x86_64-aarch64-linux-gnu/usr/aarch64-linux-gnu/lib/Scrt1.o]
  collapse obj [/work/crosscompile/gcc-ubuntu-11.4.0-hobot-x86_64-aarch64-linux-gnu/usr/bin/../lib/gcc-cross/aarch64-linux-gnu/11/../../../../aarch64-linux-gnu/lib/../lib/crti.o] ==> [/work/crosscompile/gcc-ubuntu-11.4.0-hobot-x86_64-aarch64-linux-gnu/usr/aarch64-linux-gnu/lib/crti.o]
  collapse obj [/work/crosscompile/gcc-ubuntu-11.4.0-hobot-x86_64-aarch64-linux-gnu/usr/bin/../lib/gcc-cross/aarch64-linux-gnu/11/crtbeginS.o] ==> [/work/crosscompile/gcc-ubuntu-11.4.0-hobot-x86_64-aarch64-linux-gnu/usr/lib/gcc-cross/aarch64-linux-gnu/11/crtbeginS.o]
  collapse obj [/work/crosscompile/gcc-ubuntu-11.4.0-hobot-x86_64-aarch64-linux-gnu/usr/bin/../lib/gcc-cross/aarch64-linux-gnu/11/crtendS.o] ==> [/work/crosscompile/gcc-ubuntu-11.4.0-hobot-x86_64-aarch64-linux-gnu/usr/lib/gcc-cross/aarch64-linux-gnu/11/crtendS.o]
  collapse obj [/work/crosscompile/gcc-ubuntu-11.4.0-hobot-x86_64-aarch64-linux-gnu/usr/bin/../lib/gcc-cross/aarch64-linux-gnu/11/../../../../aarch64-linux-gnu/lib/../lib/crtn.o] ==> [/work/crosscompile/gcc-ubuntu-11.4.0-hobot-x86_64-aarch64-linux-gnu/usr/aarch64-linux-gnu/lib/crtn.o]
  collapse library dir [/work/crosscompile/gcc-ubuntu-11.4.0-hobot-x86_64-aarch64-linux-gnu/usr/bin/../lib/gcc-cross/aarch64-linux-gnu/11] ==> [/work/crosscompile/gcc-ubuntu-11.4.0-hobot-x86_64-aarch64-linux-gnu/usr/lib/gcc-cross/aarch64-linux-gnu/11]
  collapse library dir [/work/crosscompile/gcc-ubuntu-11.4.0-hobot-x86_64-aarch64-linux-gnu/usr/bin/../lib/gcc-cross/aarch64-linux-gnu] ==> [/work/crosscompile/gcc-ubuntu-11.4.0-hobot-x86_64-aarch64-linux-gnu/usr/lib/gcc-cross/aarch64-linux-gnu]
  collapse library dir [/work/crosscompile/gcc-ubuntu-11.4.0-hobot-x86_64-aarch64-linux-gnu/usr/bin/../lib/gcc-cross] ==> [/work/crosscompile/gcc-ubuntu-11.4.0-hobot-x86_64-aarch64-linux-gnu/usr/lib/gcc-cross]
  collapse library dir [/work/crosscompile/gcc-ubuntu-11.4.0-hobot-x86_64-aarch64-linux-gnu/usr/bin/../lib/gcc-cross/aarch64-linux-gnu/11/../../../../aarch64-linux-gnu/lib/../lib] ==> [/work/crosscompile/gcc-ubuntu-11.4.0-hobot-x86_64-aarch64-linux-gnu/usr/aarch64-linux-gnu/lib]
  collapse library dir [/lib/aarch64-linux-gnu] ==> [/lib/aarch64-linux-gnu]
  collapse library dir [/lib/../lib] ==> [/lib]
  collapse library dir [/usr/lib/aarch64-linux-gnu] ==> [/usr/lib/aarch64-linux-gnu]
  collapse library dir [/usr/lib/../lib] ==> [/usr/lib]
  collapse library dir [/work/crosscompile/gcc-ubuntu-11.4.0-hobot-x86_64-aarch64-linux-gnu/usr/bin/../lib/gcc-cross/aarch64-linux-gnu/11/../../../../aarch64-linux-gnu/lib] ==> [/work/crosscompile/gcc-ubuntu-11.4.0-hobot-x86_64-aarch64-linux-gnu/usr/aarch64-linux-gnu/lib]
  implicit libs: [gcc;gcc_s;c;gcc;gcc_s]
  implicit objs: [/work/crosscompile/gcc-ubuntu-11.4.0-hobot-x86_64-aarch64-linux-gnu/usr/aarch64-linux-gnu/lib/Scrt1.o;/work/crosscompile/gcc-ubuntu-11.4.0-hobot-x86_64-aarch64-linux-gnu/usr/aarch64-linux-gnu/lib/crti.o;/work/crosscompile/gcc-ubuntu-11.4.0-hobot-x86_64-aarch64-linux-gnu/usr/lib/gcc-cross/aarch64-linux-gnu/11/crtbeginS.o;/work/crosscompile/gcc-ubuntu-11.4.0-hobot-x86_64-aarch64-linux-gnu/usr/lib/gcc-cross/aarch64-linux-gnu/11/crtendS.o;/work/crosscompile/gcc-ubuntu-11.4.0-hobot-x86_64-aarch64-linux-gnu/usr/aarch64-linux-gnu/lib/crtn.o]
  implicit dirs: [/work/crosscompile/gcc-ubuntu-11.4.0-hobot-x86_64-aarch64-linux-gnu/usr/lib/gcc-cross/aarch64-linux-gnu/11;/work/crosscompile/gcc-ubuntu-11.4.0-hobot-x86_64-aarch64-linux-gnu/usr/lib/gcc-cross/aarch64-linux-gnu;/work/crosscompile/gcc-ubuntu-11.4.0-hobot-x86_64-aarch64-linux-gnu/usr/lib/gcc-cross;/work/crosscompile/gcc-ubuntu-11.4.0-hobot-x86_64-aarch64-linux-gnu/usr/aarch64-linux-gnu/lib;/lib/aarch64-linux-gnu;/lib;/usr/lib/aarch64-linux-gnu;/usr/lib]
  implicit fwks: []


Detecting CXX compiler ABI info compiled with the following output:
Change Dir: /host/common_package/map/map_loader/build/CMakeFiles/CMakeScratch/TryCompile-CV72RO

Run Build Command(s):/usr/bin/gmake -f Makefile cmTC_ad5d6/fast && /usr/bin/gmake  -f CMakeFiles/cmTC_ad5d6.dir/build.make CMakeFiles/cmTC_ad5d6.dir/build
gmake[1]: Entering directory '/host/common_package/map/map_loader/build/CMakeFiles/CMakeScratch/TryCompile-CV72RO'
Building CXX object CMakeFiles/cmTC_ad5d6.dir/CMakeCXXCompilerABI.cpp.o
/work/crosscompile/gcc-ubuntu-11.4.0-hobot-x86_64-aarch64-linux-gnu/usr/bin/aarch64-linux-gnu-g++   -v -o CMakeFiles/cmTC_ad5d6.dir/CMakeCXXCompilerABI.cpp.o -c /usr/local/share/cmake-3.25/Modules/CMakeCXXCompilerABI.cpp
Using built-in specs.
COLLECT_GCC=/work/crosscompile/gcc-ubuntu-11.4.0-hobot-x86_64-aarch64-linux-gnu/usr/bin/aarch64-linux-gnu-g++
Target: aarch64-linux-gnu
Configured with: ../src/configure -v --with-pkgversion='Ubuntu 11.4.0-1ubuntu1~22.04' --with-bugurl=file:///usr/share/doc/gcc-11/README.Bugs --enable-languages=c,ada,c++,go,d,fortran,objc,obj-c++,m2 --prefix=/usr --with-gcc-major-version-only --program-suffix=-11 --enable-shared --enable-linker-build-id --libexecdir=/usr/lib --without-included-gettext --enable-threads=posix --libdir=/usr/lib --enable-nls --with-sysroot=/ --enable-clocale=gnu --enable-libstdcxx-debug --enable-libstdcxx-time=yes --with-default-libstdcxx-abi=new --enable-gnu-unique-object --disable-libquadmath --disable-libquadmath-support --enable-plugin --enable-default-pie --with-system-zlib --enable-libphobos-checking=release --without-target-system-zlib --enable-multiarch --enable-fix-cortex-a53-843419 --disable-werror --enable-checking=release --build=x86_64-linux-gnu --host=x86_64-linux-gnu --target=aarch64-linux-gnu --program-prefix=aarch64-linux-gnu- --includedir=/usr/aarch64-linux-gnu/include --with-build-config=bootstrap-lto-lean --enable-link-serialization=2
Thread model: posix
Supported LTO compression algorithms: zlib zstd
gcc version 11.4.0 (Ubuntu 11.4.0-1ubuntu1~22.04) 
COLLECT_GCC_OPTIONS='-v' '-o' 'CMakeFiles/cmTC_ad5d6.dir/CMakeCXXCompilerABI.cpp.o' '-c' '-shared-libgcc' '-mlittle-endian' '-mabi=lp64' '-dumpdir' 'CMakeFiles/cmTC_ad5d6.dir/'
 /work/crosscompile/gcc-ubuntu-11.4.0-hobot-x86_64-aarch64-linux-gnu/usr/bin/../lib/gcc-cross/aarch64-linux-gnu/11/cc1plus -quiet -v -imultiarch aarch64-linux-gnu -iprefix /work/crosscompile/gcc-ubuntu-11.4.0-hobot-x86_64-aarch64-linux-gnu/usr/bin/../lib/gcc-cross/aarch64-linux-gnu/11/ -D_GNU_SOURCE /usr/local/share/cmake-3.25/Modules/CMakeCXXCompilerABI.cpp -quiet -dumpdir CMakeFiles/cmTC_ad5d6.dir/ -dumpbase CMakeCXXCompilerABI.cpp.cpp -dumpbase-ext .cpp -mlittle-endian -mabi=lp64 -version -fasynchronous-unwind-tables -fstack-protector-strong -Wformat -Wformat-security -fstack-clash-protection -o /tmp/ccS4ZHgn.s
GNU C++17 (Ubuntu 11.4.0-1ubuntu1~22.04) version 11.4.0 (aarch64-linux-gnu)
	compiled by GNU C version 11.4.0, GMP version 6.2.1, MPFR version 4.1.0, MPC version 1.2.1, isl version isl-0.24-GMP

GGC heuristics: --param ggc-min-expand=100 --param ggc-min-heapsize=131072
ignoring nonexistent directory "/work/crosscompile/gcc-ubuntu-11.4.0-hobot-x86_64-aarch64-linux-gnu/usr/bin/../lib/gcc-cross/aarch64-linux-gnu/11/include-fixed"
ignoring duplicate directory "/work/crosscompile/gcc-ubuntu-11.4.0-hobot-x86_64-aarch64-linux-gnu/usr/bin/../lib/gcc-cross/../../lib/gcc-cross/aarch64-linux-gnu/11/../../../../aarch64-linux-gnu/include/c++/11"
ignoring duplicate directory "/work/crosscompile/gcc-ubuntu-11.4.0-hobot-x86_64-aarch64-linux-gnu/usr/bin/../lib/gcc-cross/../../lib/gcc-cross/aarch64-linux-gnu/11/../../../../aarch64-linux-gnu/include/c++/11/aarch64-linux-gnu"
ignoring duplicate directory "/work/crosscompile/gcc-ubuntu-11.4.0-hobot-x86_64-aarch64-linux-gnu/usr/bin/../lib/gcc-cross/../../lib/gcc-cross/aarch64-linux-gnu/11/../../../../aarch64-linux-gnu/include/c++/11/backward"
ignoring duplicate directory "/work/crosscompile/gcc-ubuntu-11.4.0-hobot-x86_64-aarch64-linux-gnu/usr/bin/../lib/gcc-cross/../../lib/gcc-cross/aarch64-linux-gnu/11/include"
ignoring nonexistent directory "/usr/local/include/aarch64-linux-gnu"
ignoring nonexistent directory "/work/crosscompile/gcc-ubuntu-11.4.0-hobot-x86_64-aarch64-linux-gnu/usr/bin/../lib/gcc-cross/../../lib/gcc-cross/aarch64-linux-gnu/11/include-fixed"
ignoring duplicate directory "/work/crosscompile/gcc-ubuntu-11.4.0-hobot-x86_64-aarch64-linux-gnu/usr/bin/../lib/gcc-cross/../../lib/gcc-cross/aarch64-linux-gnu/11/../../../../aarch64-linux-gnu/include"
#include "..." search starts here:
#include <...> search starts here:
 /work/crosscompile/gcc-ubuntu-11.4.0-hobot-x86_64-aarch64-linux-gnu/usr/bin/../lib/gcc-cross/aarch64-linux-gnu/11/../../../../aarch64-linux-gnu/include/c++/11
 /work/crosscompile/gcc-ubuntu-11.4.0-hobot-x86_64-aarch64-linux-gnu/usr/bin/../lib/gcc-cross/aarch64-linux-gnu/11/../../../../aarch64-linux-gnu/include/c++/11/aarch64-linux-gnu
 /work/crosscompile/gcc-ubuntu-11.4.0-hobot-x86_64-aarch64-linux-gnu/usr/bin/../lib/gcc-cross/aarch64-linux-gnu/11/../../../../aarch64-linux-gnu/include/c++/11/backward
 /work/crosscompile/gcc-ubuntu-11.4.0-hobot-x86_64-aarch64-linux-gnu/usr/bin/../lib/gcc-cross/aarch64-linux-gnu/11/include
 /work/crosscompile/gcc-ubuntu-11.4.0-hobot-x86_64-aarch64-linux-gnu/usr/bin/../lib/gcc-cross/aarch64-linux-gnu/11/../../../../aarch64-linux-gnu/include
 /usr/include/aarch64-linux-gnu
 /usr/include
End of search list.
GNU C++17 (Ubuntu 11.4.0-1ubuntu1~22.04) version 11.4.0 (aarch64-linux-gnu)
	compiled by GNU C version 11.4.0, GMP version 6.2.1, MPFR version 4.1.0, MPC version 1.2.1, isl version isl-0.24-GMP

GGC heuristics: --param ggc-min-expand=100 --param ggc-min-heapsize=131072
Compiler executable checksum: fbc882a9ce49446607e846bb30e5b470
COLLECT_GCC_OPTIONS='-v' '-o' 'CMakeFiles/cmTC_ad5d6.dir/CMakeCXXCompilerABI.cpp.o' '-c' '-shared-libgcc' '-mlittle-endian' '-mabi=lp64' '-dumpdir' 'CMakeFiles/cmTC_ad5d6.dir/'
 /work/crosscompile/gcc-ubuntu-11.4.0-hobot-x86_64-aarch64-linux-gnu/usr/bin/../lib/gcc-cross/aarch64-linux-gnu/11/../../../../aarch64-linux-gnu/bin/as -v -EL -mabi=lp64 -o CMakeFiles/cmTC_ad5d6.dir/CMakeCXXCompilerABI.cpp.o /tmp/ccS4ZHgn.s
GNU assembler version 2.38 (aarch64-linux-gnu) using BFD version (GNU Binutils for Ubuntu) 2.38
COMPILER_PATH=/work/crosscompile/gcc-ubuntu-11.4.0-hobot-x86_64-aarch64-linux-gnu/usr/bin/../lib/gcc-cross/aarch64-linux-gnu/11/:/work/crosscompile/gcc-ubuntu-11.4.0-hobot-x86_64-aarch64-linux-gnu/usr/bin/../lib/gcc-cross/aarch64-linux-gnu/:/work/crosscompile/gcc-ubuntu-11.4.0-hobot-x86_64-aarch64-linux-gnu/usr/bin/../lib/gcc-cross/:/work/crosscompile/gcc-ubuntu-11.4.0-hobot-x86_64-aarch64-linux-gnu/usr/bin/../lib/gcc-cross/aarch64-linux-gnu/11/../../../../aarch64-linux-gnu/bin/
LIBRARY_PATH=/work/crosscompile/gcc-ubuntu-11.4.0-hobot-x86_64-aarch64-linux-gnu/usr/bin/../lib/gcc-cross/aarch64-linux-gnu/11/:/work/crosscompile/gcc-ubuntu-11.4.0-hobot-x86_64-aarch64-linux-gnu/usr/bin/../lib/gcc-cross/aarch64-linux-gnu/:/work/crosscompile/gcc-ubuntu-11.4.0-hobot-x86_64-aarch64-linux-gnu/usr/bin/../lib/gcc-cross/:/work/crosscompile/gcc-ubuntu-11.4.0-hobot-x86_64-aarch64-linux-gnu/usr/bin/../lib/gcc-cross/aarch64-linux-gnu/11/../../../../aarch64-linux-gnu/lib/../lib/:/lib/aarch64-linux-gnu/:/lib/../lib/:/usr/lib/aarch64-linux-gnu/:/usr/lib/../lib/:/work/crosscompile/gcc-ubuntu-11.4.0-hobot-x86_64-aarch64-linux-gnu/usr/bin/../lib/gcc-cross/aarch64-linux-gnu/11/../../../../aarch64-linux-gnu/lib/:/lib/:/usr/lib/
COLLECT_GCC_OPTIONS='-v' '-o' 'CMakeFiles/cmTC_ad5d6.dir/CMakeCXXCompilerABI.cpp.o' '-c' '-shared-libgcc' '-mlittle-endian' '-mabi=lp64' '-dumpdir' 'CMakeFiles/cmTC_ad5d6.dir/CMakeCXXCompilerABI.cpp.'
Linking CXX executable cmTC_ad5d6
/usr/local/bin/cmake -E cmake_link_script CMakeFiles/cmTC_ad5d6.dir/link.txt --verbose=1
/work/crosscompile/gcc-ubuntu-11.4.0-hobot-x86_64-aarch64-linux-gnu/usr/bin/aarch64-linux-gnu-g++  -v -rdynamic CMakeFiles/cmTC_ad5d6.dir/CMakeCXXCompilerABI.cpp.o -o cmTC_ad5d6 
Using built-in specs.
COLLECT_GCC=/work/crosscompile/gcc-ubuntu-11.4.0-hobot-x86_64-aarch64-linux-gnu/usr/bin/aarch64-linux-gnu-g++
COLLECT_LTO_WRAPPER=/work/crosscompile/gcc-ubuntu-11.4.0-hobot-x86_64-aarch64-linux-gnu/usr/bin/../lib/gcc-cross/aarch64-linux-gnu/11/lto-wrapper
Target: aarch64-linux-gnu
Configured with: ../src/configure -v --with-pkgversion='Ubuntu 11.4.0-1ubuntu1~22.04' --with-bugurl=file:///usr/share/doc/gcc-11/README.Bugs --enable-languages=c,ada,c++,go,d,fortran,objc,obj-c++,m2 --prefix=/usr --with-gcc-major-version-only --program-suffix=-11 --enable-shared --enable-linker-build-id --libexecdir=/usr/lib --without-included-gettext --enable-threads=posix --libdir=/usr/lib --enable-nls --with-sysroot=/ --enable-clocale=gnu --enable-libstdcxx-debug --enable-libstdcxx-time=yes --with-default-libstdcxx-abi=new --enable-gnu-unique-object --disable-libquadmath --disable-libquadmath-support --enable-plugin --enable-default-pie --with-system-zlib --enable-libphobos-checking=release --without-target-system-zlib --enable-multiarch --enable-fix-cortex-a53-843419 --disable-werror --enable-checking=release --build=x86_64-linux-gnu --host=x86_64-linux-gnu --target=aarch64-linux-gnu --program-prefix=aarch64-linux-gnu- --includedir=/usr/aarch64-linux-gnu/include --with-build-config=bootstrap-lto-lean --enable-link-serialization=2
Thread model: posix
Supported LTO compression algorithms: zlib zstd
gcc version 11.4.0 (Ubuntu 11.4.0-1ubuntu1~22.04) 
COMPILER_PATH=/work/crosscompile/gcc-ubuntu-11.4.0-hobot-x86_64-aarch64-linux-gnu/usr/bin/../lib/gcc-cross/aarch64-linux-gnu/11/:/work/crosscompile/gcc-ubuntu-11.4.0-hobot-x86_64-aarch64-linux-gnu/usr/bin/../lib/gcc-cross/aarch64-linux-gnu/:/work/crosscompile/gcc-ubuntu-11.4.0-hobot-x86_64-aarch64-linux-gnu/usr/bin/../lib/gcc-cross/:/work/crosscompile/gcc-ubuntu-11.4.0-hobot-x86_64-aarch64-linux-gnu/usr/bin/../lib/gcc-cross/aarch64-linux-gnu/11/../../../../aarch64-linux-gnu/bin/
LIBRARY_PATH=/work/crosscompile/gcc-ubuntu-11.4.0-hobot-x86_64-aarch64-linux-gnu/usr/bin/../lib/gcc-cross/aarch64-linux-gnu/11/:/work/crosscompile/gcc-ubuntu-11.4.0-hobot-x86_64-aarch64-linux-gnu/usr/bin/../lib/gcc-cross/aarch64-linux-gnu/:/work/crosscompile/gcc-ubuntu-11.4.0-hobot-x86_64-aarch64-linux-gnu/usr/bin/../lib/gcc-cross/:/work/crosscompile/gcc-ubuntu-11.4.0-hobot-x86_64-aarch64-linux-gnu/usr/bin/../lib/gcc-cross/aarch64-linux-gnu/11/../../../../aarch64-linux-gnu/lib/../lib/:/lib/aarch64-linux-gnu/:/lib/../lib/:/usr/lib/aarch64-linux-gnu/:/usr/lib/../lib/:/work/crosscompile/gcc-ubuntu-11.4.0-hobot-x86_64-aarch64-linux-gnu/usr/bin/../lib/gcc-cross/aarch64-linux-gnu/11/../../../../aarch64-linux-gnu/lib/:/lib/:/usr/lib/
COLLECT_GCC_OPTIONS='-v' '-rdynamic' '-o' 'cmTC_ad5d6' '-shared-libgcc' '-mlittle-endian' '-mabi=lp64' '-dumpdir' 'cmTC_ad5d6.'
 /work/crosscompile/gcc-ubuntu-11.4.0-hobot-x86_64-aarch64-linux-gnu/usr/bin/../lib/gcc-cross/aarch64-linux-gnu/11/collect2 -plugin /work/crosscompile/gcc-ubuntu-11.4.0-hobot-x86_64-aarch64-linux-gnu/usr/bin/../lib/gcc-cross/aarch64-linux-gnu/11/liblto_plugin.so -plugin-opt=/work/crosscompile/gcc-ubuntu-11.4.0-hobot-x86_64-aarch64-linux-gnu/usr/bin/../lib/gcc-cross/aarch64-linux-gnu/11/lto-wrapper -plugin-opt=-fresolution=/tmp/ccC7o2cn.res -plugin-opt=-pass-through=-lgcc_s -plugin-opt=-pass-through=-lgcc -plugin-opt=-pass-through=-lc -plugin-opt=-pass-through=-lgcc_s -plugin-opt=-pass-through=-lgcc --sysroot=/ --build-id --eh-frame-hdr --hash-style=gnu --as-needed -export-dynamic -dynamic-linker /lib/ld-linux-aarch64.so.1 -X -EL -maarch64linux --fix-cortex-a53-843419 -pie -z now -z relro -o cmTC_ad5d6 /work/crosscompile/gcc-ubuntu-11.4.0-hobot-x86_64-aarch64-linux-gnu/usr/bin/../lib/gcc-cross/aarch64-linux-gnu/11/../../../../aarch64-linux-gnu/lib/../lib/Scrt1.o /work/crosscompile/gcc-ubuntu-11.4.0-hobot-x86_64-aarch64-linux-gnu/usr/bin/../lib/gcc-cross/aarch64-linux-gnu/11/../../../../aarch64-linux-gnu/lib/../lib/crti.o /work/crosscompile/gcc-ubuntu-11.4.0-hobot-x86_64-aarch64-linux-gnu/usr/bin/../lib/gcc-cross/aarch64-linux-gnu/11/crtbeginS.o -L/work/crosscompile/gcc-ubuntu-11.4.0-hobot-x86_64-aarch64-linux-gnu/usr/bin/../lib/gcc-cross/aarch64-linux-gnu/11 -L/work/crosscompile/gcc-ubuntu-11.4.0-hobot-x86_64-aarch64-linux-gnu/usr/bin/../lib/gcc-cross/aarch64-linux-gnu -L/work/crosscompile/gcc-ubuntu-11.4.0-hobot-x86_64-aarch64-linux-gnu/usr/bin/../lib/gcc-cross -L/work/crosscompile/gcc-ubuntu-11.4.0-hobot-x86_64-aarch64-linux-gnu/usr/bin/../lib/gcc-cross/aarch64-linux-gnu/11/../../../../aarch64-linux-gnu/lib/../lib -L/lib/aarch64-linux-gnu -L/lib/../lib -L/usr/lib/aarch64-linux-gnu -L/usr/lib/../lib -L/work/crosscompile/gcc-ubuntu-11.4.0-hobot-x86_64-aarch64-linux-gnu/usr/bin/../lib/gcc-cross/aarch64-linux-gnu/11/../../../../aarch64-linux-gnu/lib CMakeFiles/cmTC_ad5d6.dir/CMakeCXXCompilerABI.cpp.o -lstdc++ -lm -lgcc_s -lgcc -lc -lgcc_s -lgcc /work/crosscompile/gcc-ubuntu-11.4.0-hobot-x86_64-aarch64-linux-gnu/usr/bin/../lib/gcc-cross/aarch64-linux-gnu/11/crtendS.o /work/crosscompile/gcc-ubuntu-11.4.0-hobot-x86_64-aarch64-linux-gnu/usr/bin/../lib/gcc-cross/aarch64-linux-gnu/11/../../../../aarch64-linux-gnu/lib/../lib/crtn.o
COLLECT_GCC_OPTIONS='-v' '-rdynamic' '-o' 'cmTC_ad5d6' '-shared-libgcc' '-mlittle-endian' '-mabi=lp64' '-dumpdir' 'cmTC_ad5d6.'
gmake[1]: Leaving directory '/host/common_package/map/map_loader/build/CMakeFiles/CMakeScratch/TryCompile-CV72RO'



Parsed CXX implicit include dir info from above output: rv=done
  found start of include info
  found start of implicit include info
    add: [/work/crosscompile/gcc-ubuntu-11.4.0-hobot-x86_64-aarch64-linux-gnu/usr/bin/../lib/gcc-cross/aarch64-linux-gnu/11/../../../../aarch64-linux-gnu/include/c++/11]
    add: [/work/crosscompile/gcc-ubuntu-11.4.0-hobot-x86_64-aarch64-linux-gnu/usr/bin/../lib/gcc-cross/aarch64-linux-gnu/11/../../../../aarch64-linux-gnu/include/c++/11/aarch64-linux-gnu]
    add: [/work/crosscompile/gcc-ubuntu-11.4.0-hobot-x86_64-aarch64-linux-gnu/usr/bin/../lib/gcc-cross/aarch64-linux-gnu/11/../../../../aarch64-linux-gnu/include/c++/11/backward]
    add: [/work/crosscompile/gcc-ubuntu-11.4.0-hobot-x86_64-aarch64-linux-gnu/usr/bin/../lib/gcc-cross/aarch64-linux-gnu/11/include]
    add: [/work/crosscompile/gcc-ubuntu-11.4.0-hobot-x86_64-aarch64-linux-gnu/usr/bin/../lib/gcc-cross/aarch64-linux-gnu/11/../../../../aarch64-linux-gnu/include]
    add: [/usr/include/aarch64-linux-gnu]
    add: [/usr/include]
  end of search list found
  collapse include dir [/work/crosscompile/gcc-ubuntu-11.4.0-hobot-x86_64-aarch64-linux-gnu/usr/bin/../lib/gcc-cross/aarch64-linux-gnu/11/../../../../aarch64-linux-gnu/include/c++/11] ==> [/work/crosscompile/gcc-ubuntu-11.4.0-hobot-x86_64-aarch64-linux-gnu/usr/aarch64-linux-gnu/include/c++/11]
  collapse include dir [/work/crosscompile/gcc-ubuntu-11.4.0-hobot-x86_64-aarch64-linux-gnu/usr/bin/../lib/gcc-cross/aarch64-linux-gnu/11/../../../../aarch64-linux-gnu/include/c++/11/aarch64-linux-gnu] ==> [/work/crosscompile/gcc-ubuntu-11.4.0-hobot-x86_64-aarch64-linux-gnu/usr/aarch64-linux-gnu/include/c++/11/aarch64-linux-gnu]
  collapse include dir [/work/crosscompile/gcc-ubuntu-11.4.0-hobot-x86_64-aarch64-linux-gnu/usr/bin/../lib/gcc-cross/aarch64-linux-gnu/11/../../../../aarch64-linux-gnu/include/c++/11/backward] ==> [/work/crosscompile/gcc-ubuntu-11.4.0-hobot-x86_64-aarch64-linux-gnu/usr/aarch64-linux-gnu/include/c++/11/backward]
  collapse include dir [/work/crosscompile/gcc-ubuntu-11.4.0-hobot-x86_64-aarch64-linux-gnu/usr/bin/../lib/gcc-cross/aarch64-linux-gnu/11/include] ==> [/work/crosscompile/gcc-ubuntu-11.4.0-hobot-x86_64-aarch64-linux-gnu/usr/lib/gcc-cross/aarch64-linux-gnu/11/include]
  collapse include dir [/work/crosscompile/gcc-ubuntu-11.4.0-hobot-x86_64-aarch64-linux-gnu/usr/bin/../lib/gcc-cross/aarch64-linux-gnu/11/../../../../aarch64-linux-gnu/include] ==> [/work/crosscompile/gcc-ubuntu-11.4.0-hobot-x86_64-aarch64-linux-gnu/usr/aarch64-linux-gnu/include]
  collapse include dir [/usr/include/aarch64-linux-gnu] ==> [/usr/include/aarch64-linux-gnu]
  collapse include dir [/usr/include] ==> [/usr/include]
  implicit include dirs: [/work/crosscompile/gcc-ubuntu-11.4.0-hobot-x86_64-aarch64-linux-gnu/usr/aarch64-linux-gnu/include/c++/11;/work/crosscompile/gcc-ubuntu-11.4.0-hobot-x86_64-aarch64-linux-gnu/usr/aarch64-linux-gnu/include/c++/11/aarch64-linux-gnu;/work/crosscompile/gcc-ubuntu-11.4.0-hobot-x86_64-aarch64-linux-gnu/usr/aarch64-linux-gnu/include/c++/11/backward;/work/crosscompile/gcc-ubuntu-11.4.0-hobot-x86_64-aarch64-linux-gnu/usr/lib/gcc-cross/aarch64-linux-gnu/11/include;/work/crosscompile/gcc-ubuntu-11.4.0-hobot-x86_64-aarch64-linux-gnu/usr/aarch64-linux-gnu/include;/usr/include/aarch64-linux-gnu;/usr/include]


Parsed CXX implicit link information from above output:
  link line regex: [^( *|.*[/\])(aarch64-linux-gnu-ld|CMAKE_LINK_STARTFILE-NOTFOUND|([^/\]+-)?ld|collect2)[^/\]*( |$)]
  ignore line: [Change Dir: /host/common_package/map/map_loader/build/CMakeFiles/CMakeScratch/TryCompile-CV72RO]
  ignore line: []
  ignore line: [Run Build Command(s):/usr/bin/gmake -f Makefile cmTC_ad5d6/fast && /usr/bin/gmake  -f CMakeFiles/cmTC_ad5d6.dir/build.make CMakeFiles/cmTC_ad5d6.dir/build]
  ignore line: [gmake[1]: Entering directory '/host/common_package/map/map_loader/build/CMakeFiles/CMakeScratch/TryCompile-CV72RO']
  ignore line: [Building CXX object CMakeFiles/cmTC_ad5d6.dir/CMakeCXXCompilerABI.cpp.o]
  ignore line: [/work/crosscompile/gcc-ubuntu-11.4.0-hobot-x86_64-aarch64-linux-gnu/usr/bin/aarch64-linux-gnu-g++   -v -o CMakeFiles/cmTC_ad5d6.dir/CMakeCXXCompilerABI.cpp.o -c /usr/local/share/cmake-3.25/Modules/CMakeCXXCompilerABI.cpp]
  ignore line: [Using built-in specs.]
  ignore line: [COLLECT_GCC=/work/crosscompile/gcc-ubuntu-11.4.0-hobot-x86_64-aarch64-linux-gnu/usr/bin/aarch64-linux-gnu-g++]
  ignore line: [Target: aarch64-linux-gnu]
  ignore line: [Configured with: ../src/configure -v --with-pkgversion='Ubuntu 11.4.0-1ubuntu1~22.04' --with-bugurl=file:///usr/share/doc/gcc-11/README.Bugs --enable-languages=c ada c++ go d fortran objc obj-c++ m2 --prefix=/usr --with-gcc-major-version-only --program-suffix=-11 --enable-shared --enable-linker-build-id --libexecdir=/usr/lib --without-included-gettext --enable-threads=posix --libdir=/usr/lib --enable-nls --with-sysroot=/ --enable-clocale=gnu --enable-libstdcxx-debug --enable-libstdcxx-time=yes --with-default-libstdcxx-abi=new --enable-gnu-unique-object --disable-libquadmath --disable-libquadmath-support --enable-plugin --enable-default-pie --with-system-zlib --enable-libphobos-checking=release --without-target-system-zlib --enable-multiarch --enable-fix-cortex-a53-843419 --disable-werror --enable-checking=release --build=x86_64-linux-gnu --host=x86_64-linux-gnu --target=aarch64-linux-gnu --program-prefix=aarch64-linux-gnu- --includedir=/usr/aarch64-linux-gnu/include --with-build-config=bootstrap-lto-lean --enable-link-serialization=2]
  ignore line: [Thread model: posix]
  ignore line: [Supported LTO compression algorithms: zlib zstd]
  ignore line: [gcc version 11.4.0 (Ubuntu 11.4.0-1ubuntu1~22.04) ]
  ignore line: [COLLECT_GCC_OPTIONS='-v' '-o' 'CMakeFiles/cmTC_ad5d6.dir/CMakeCXXCompilerABI.cpp.o' '-c' '-shared-libgcc' '-mlittle-endian' '-mabi=lp64' '-dumpdir' 'CMakeFiles/cmTC_ad5d6.dir/']
  ignore line: [ /work/crosscompile/gcc-ubuntu-11.4.0-hobot-x86_64-aarch64-linux-gnu/usr/bin/../lib/gcc-cross/aarch64-linux-gnu/11/cc1plus -quiet -v -imultiarch aarch64-linux-gnu -iprefix /work/crosscompile/gcc-ubuntu-11.4.0-hobot-x86_64-aarch64-linux-gnu/usr/bin/../lib/gcc-cross/aarch64-linux-gnu/11/ -D_GNU_SOURCE /usr/local/share/cmake-3.25/Modules/CMakeCXXCompilerABI.cpp -quiet -dumpdir CMakeFiles/cmTC_ad5d6.dir/ -dumpbase CMakeCXXCompilerABI.cpp.cpp -dumpbase-ext .cpp -mlittle-endian -mabi=lp64 -version -fasynchronous-unwind-tables -fstack-protector-strong -Wformat -Wformat-security -fstack-clash-protection -o /tmp/ccS4ZHgn.s]
  ignore line: [GNU C++17 (Ubuntu 11.4.0-1ubuntu1~22.04) version 11.4.0 (aarch64-linux-gnu)]
  ignore line: [	compiled by GNU C version 11.4.0  GMP version 6.2.1  MPFR version 4.1.0  MPC version 1.2.1  isl version isl-0.24-GMP]
  ignore line: []
  ignore line: [GGC heuristics: --param ggc-min-expand=100 --param ggc-min-heapsize=131072]
  ignore line: [ignoring nonexistent directory "/work/crosscompile/gcc-ubuntu-11.4.0-hobot-x86_64-aarch64-linux-gnu/usr/bin/../lib/gcc-cross/aarch64-linux-gnu/11/include-fixed"]
  ignore line: [ignoring duplicate directory "/work/crosscompile/gcc-ubuntu-11.4.0-hobot-x86_64-aarch64-linux-gnu/usr/bin/../lib/gcc-cross/../../lib/gcc-cross/aarch64-linux-gnu/11/../../../../aarch64-linux-gnu/include/c++/11"]
  ignore line: [ignoring duplicate directory "/work/crosscompile/gcc-ubuntu-11.4.0-hobot-x86_64-aarch64-linux-gnu/usr/bin/../lib/gcc-cross/../../lib/gcc-cross/aarch64-linux-gnu/11/../../../../aarch64-linux-gnu/include/c++/11/aarch64-linux-gnu"]
  ignore line: [ignoring duplicate directory "/work/crosscompile/gcc-ubuntu-11.4.0-hobot-x86_64-aarch64-linux-gnu/usr/bin/../lib/gcc-cross/../../lib/gcc-cross/aarch64-linux-gnu/11/../../../../aarch64-linux-gnu/include/c++/11/backward"]
  ignore line: [ignoring duplicate directory "/work/crosscompile/gcc-ubuntu-11.4.0-hobot-x86_64-aarch64-linux-gnu/usr/bin/../lib/gcc-cross/../../lib/gcc-cross/aarch64-linux-gnu/11/include"]
  ignore line: [ignoring nonexistent directory "/usr/local/include/aarch64-linux-gnu"]
  ignore line: [ignoring nonexistent directory "/work/crosscompile/gcc-ubuntu-11.4.0-hobot-x86_64-aarch64-linux-gnu/usr/bin/../lib/gcc-cross/../../lib/gcc-cross/aarch64-linux-gnu/11/include-fixed"]
  ignore line: [ignoring duplicate directory "/work/crosscompile/gcc-ubuntu-11.4.0-hobot-x86_64-aarch64-linux-gnu/usr/bin/../lib/gcc-cross/../../lib/gcc-cross/aarch64-linux-gnu/11/../../../../aarch64-linux-gnu/include"]
  ignore line: [#include "..." search starts here:]
  ignore line: [#include <...> search starts here:]
  ignore line: [ /work/crosscompile/gcc-ubuntu-11.4.0-hobot-x86_64-aarch64-linux-gnu/usr/bin/../lib/gcc-cross/aarch64-linux-gnu/11/../../../../aarch64-linux-gnu/include/c++/11]
  ignore line: [ /work/crosscompile/gcc-ubuntu-11.4.0-hobot-x86_64-aarch64-linux-gnu/usr/bin/../lib/gcc-cross/aarch64-linux-gnu/11/../../../../aarch64-linux-gnu/include/c++/11/aarch64-linux-gnu]
  ignore line: [ /work/crosscompile/gcc-ubuntu-11.4.0-hobot-x86_64-aarch64-linux-gnu/usr/bin/../lib/gcc-cross/aarch64-linux-gnu/11/../../../../aarch64-linux-gnu/include/c++/11/backward]
  ignore line: [ /work/crosscompile/gcc-ubuntu-11.4.0-hobot-x86_64-aarch64-linux-gnu/usr/bin/../lib/gcc-cross/aarch64-linux-gnu/11/include]
  ignore line: [ /work/crosscompile/gcc-ubuntu-11.4.0-hobot-x86_64-aarch64-linux-gnu/usr/bin/../lib/gcc-cross/aarch64-linux-gnu/11/../../../../aarch64-linux-gnu/include]
  ignore line: [ /usr/include/aarch64-linux-gnu]
  ignore line: [ /usr/include]
  ignore line: [End of search list.]
  ignore line: [GNU C++17 (Ubuntu 11.4.0-1ubuntu1~22.04) version 11.4.0 (aarch64-linux-gnu)]
  ignore line: [	compiled by GNU C version 11.4.0  GMP version 6.2.1  MPFR version 4.1.0  MPC version 1.2.1  isl version isl-0.24-GMP]
  ignore line: []
  ignore line: [GGC heuristics: --param ggc-min-expand=100 --param ggc-min-heapsize=131072]
  ignore line: [Compiler executable checksum: fbc882a9ce49446607e846bb30e5b470]
  ignore line: [COLLECT_GCC_OPTIONS='-v' '-o' 'CMakeFiles/cmTC_ad5d6.dir/CMakeCXXCompilerABI.cpp.o' '-c' '-shared-libgcc' '-mlittle-endian' '-mabi=lp64' '-dumpdir' 'CMakeFiles/cmTC_ad5d6.dir/']
  ignore line: [ /work/crosscompile/gcc-ubuntu-11.4.0-hobot-x86_64-aarch64-linux-gnu/usr/bin/../lib/gcc-cross/aarch64-linux-gnu/11/../../../../aarch64-linux-gnu/bin/as -v -EL -mabi=lp64 -o CMakeFiles/cmTC_ad5d6.dir/CMakeCXXCompilerABI.cpp.o /tmp/ccS4ZHgn.s]
  ignore line: [GNU assembler version 2.38 (aarch64-linux-gnu) using BFD version (GNU Binutils for Ubuntu) 2.38]
  ignore line: [COMPILER_PATH=/work/crosscompile/gcc-ubuntu-11.4.0-hobot-x86_64-aarch64-linux-gnu/usr/bin/../lib/gcc-cross/aarch64-linux-gnu/11/:/work/crosscompile/gcc-ubuntu-11.4.0-hobot-x86_64-aarch64-linux-gnu/usr/bin/../lib/gcc-cross/aarch64-linux-gnu/:/work/crosscompile/gcc-ubuntu-11.4.0-hobot-x86_64-aarch64-linux-gnu/usr/bin/../lib/gcc-cross/:/work/crosscompile/gcc-ubuntu-11.4.0-hobot-x86_64-aarch64-linux-gnu/usr/bin/../lib/gcc-cross/aarch64-linux-gnu/11/../../../../aarch64-linux-gnu/bin/]
  ignore line: [LIBRARY_PATH=/work/crosscompile/gcc-ubuntu-11.4.0-hobot-x86_64-aarch64-linux-gnu/usr/bin/../lib/gcc-cross/aarch64-linux-gnu/11/:/work/crosscompile/gcc-ubuntu-11.4.0-hobot-x86_64-aarch64-linux-gnu/usr/bin/../lib/gcc-cross/aarch64-linux-gnu/:/work/crosscompile/gcc-ubuntu-11.4.0-hobot-x86_64-aarch64-linux-gnu/usr/bin/../lib/gcc-cross/:/work/crosscompile/gcc-ubuntu-11.4.0-hobot-x86_64-aarch64-linux-gnu/usr/bin/../lib/gcc-cross/aarch64-linux-gnu/11/../../../../aarch64-linux-gnu/lib/../lib/:/lib/aarch64-linux-gnu/:/lib/../lib/:/usr/lib/aarch64-linux-gnu/:/usr/lib/../lib/:/work/crosscompile/gcc-ubuntu-11.4.0-hobot-x86_64-aarch64-linux-gnu/usr/bin/../lib/gcc-cross/aarch64-linux-gnu/11/../../../../aarch64-linux-gnu/lib/:/lib/:/usr/lib/]
  ignore line: [COLLECT_GCC_OPTIONS='-v' '-o' 'CMakeFiles/cmTC_ad5d6.dir/CMakeCXXCompilerABI.cpp.o' '-c' '-shared-libgcc' '-mlittle-endian' '-mabi=lp64' '-dumpdir' 'CMakeFiles/cmTC_ad5d6.dir/CMakeCXXCompilerABI.cpp.']
  ignore line: [Linking CXX executable cmTC_ad5d6]
  ignore line: [/usr/local/bin/cmake -E cmake_link_script CMakeFiles/cmTC_ad5d6.dir/link.txt --verbose=1]
  ignore line: [/work/crosscompile/gcc-ubuntu-11.4.0-hobot-x86_64-aarch64-linux-gnu/usr/bin/aarch64-linux-gnu-g++  -v -rdynamic CMakeFiles/cmTC_ad5d6.dir/CMakeCXXCompilerABI.cpp.o -o cmTC_ad5d6 ]
  ignore line: [Using built-in specs.]
  ignore line: [COLLECT_GCC=/work/crosscompile/gcc-ubuntu-11.4.0-hobot-x86_64-aarch64-linux-gnu/usr/bin/aarch64-linux-gnu-g++]
  ignore line: [COLLECT_LTO_WRAPPER=/work/crosscompile/gcc-ubuntu-11.4.0-hobot-x86_64-aarch64-linux-gnu/usr/bin/../lib/gcc-cross/aarch64-linux-gnu/11/lto-wrapper]
  ignore line: [Target: aarch64-linux-gnu]
  ignore line: [Configured with: ../src/configure -v --with-pkgversion='Ubuntu 11.4.0-1ubuntu1~22.04' --with-bugurl=file:///usr/share/doc/gcc-11/README.Bugs --enable-languages=c ada c++ go d fortran objc obj-c++ m2 --prefix=/usr --with-gcc-major-version-only --program-suffix=-11 --enable-shared --enable-linker-build-id --libexecdir=/usr/lib --without-included-gettext --enable-threads=posix --libdir=/usr/lib --enable-nls --with-sysroot=/ --enable-clocale=gnu --enable-libstdcxx-debug --enable-libstdcxx-time=yes --with-default-libstdcxx-abi=new --enable-gnu-unique-object --disable-libquadmath --disable-libquadmath-support --enable-plugin --enable-default-pie --with-system-zlib --enable-libphobos-checking=release --without-target-system-zlib --enable-multiarch --enable-fix-cortex-a53-843419 --disable-werror --enable-checking=release --build=x86_64-linux-gnu --host=x86_64-linux-gnu --target=aarch64-linux-gnu --program-prefix=aarch64-linux-gnu- --includedir=/usr/aarch64-linux-gnu/include --with-build-config=bootstrap-lto-lean --enable-link-serialization=2]
  ignore line: [Thread model: posix]
  ignore line: [Supported LTO compression algorithms: zlib zstd]
  ignore line: [gcc version 11.4.0 (Ubuntu 11.4.0-1ubuntu1~22.04) ]
  ignore line: [COMPILER_PATH=/work/crosscompile/gcc-ubuntu-11.4.0-hobot-x86_64-aarch64-linux-gnu/usr/bin/../lib/gcc-cross/aarch64-linux-gnu/11/:/work/crosscompile/gcc-ubuntu-11.4.0-hobot-x86_64-aarch64-linux-gnu/usr/bin/../lib/gcc-cross/aarch64-linux-gnu/:/work/crosscompile/gcc-ubuntu-11.4.0-hobot-x86_64-aarch64-linux-gnu/usr/bin/../lib/gcc-cross/:/work/crosscompile/gcc-ubuntu-11.4.0-hobot-x86_64-aarch64-linux-gnu/usr/bin/../lib/gcc-cross/aarch64-linux-gnu/11/../../../../aarch64-linux-gnu/bin/]
  ignore line: [LIBRARY_PATH=/work/crosscompile/gcc-ubuntu-11.4.0-hobot-x86_64-aarch64-linux-gnu/usr/bin/../lib/gcc-cross/aarch64-linux-gnu/11/:/work/crosscompile/gcc-ubuntu-11.4.0-hobot-x86_64-aarch64-linux-gnu/usr/bin/../lib/gcc-cross/aarch64-linux-gnu/:/work/crosscompile/gcc-ubuntu-11.4.0-hobot-x86_64-aarch64-linux-gnu/usr/bin/../lib/gcc-cross/:/work/crosscompile/gcc-ubuntu-11.4.0-hobot-x86_64-aarch64-linux-gnu/usr/bin/../lib/gcc-cross/aarch64-linux-gnu/11/../../../../aarch64-linux-gnu/lib/../lib/:/lib/aarch64-linux-gnu/:/lib/../lib/:/usr/lib/aarch64-linux-gnu/:/usr/lib/../lib/:/work/crosscompile/gcc-ubuntu-11.4.0-hobot-x86_64-aarch64-linux-gnu/usr/bin/../lib/gcc-cross/aarch64-linux-gnu/11/../../../../aarch64-linux-gnu/lib/:/lib/:/usr/lib/]
  ignore line: [COLLECT_GCC_OPTIONS='-v' '-rdynamic' '-o' 'cmTC_ad5d6' '-shared-libgcc' '-mlittle-endian' '-mabi=lp64' '-dumpdir' 'cmTC_ad5d6.']
  link line: [ /work/crosscompile/gcc-ubuntu-11.4.0-hobot-x86_64-aarch64-linux-gnu/usr/bin/../lib/gcc-cross/aarch64-linux-gnu/11/collect2 -plugin /work/crosscompile/gcc-ubuntu-11.4.0-hobot-x86_64-aarch64-linux-gnu/usr/bin/../lib/gcc-cross/aarch64-linux-gnu/11/liblto_plugin.so -plugin-opt=/work/crosscompile/gcc-ubuntu-11.4.0-hobot-x86_64-aarch64-linux-gnu/usr/bin/../lib/gcc-cross/aarch64-linux-gnu/11/lto-wrapper -plugin-opt=-fresolution=/tmp/ccC7o2cn.res -plugin-opt=-pass-through=-lgcc_s -plugin-opt=-pass-through=-lgcc -plugin-opt=-pass-through=-lc -plugin-opt=-pass-through=-lgcc_s -plugin-opt=-pass-through=-lgcc --sysroot=/ --build-id --eh-frame-hdr --hash-style=gnu --as-needed -export-dynamic -dynamic-linker /lib/ld-linux-aarch64.so.1 -X -EL -maarch64linux --fix-cortex-a53-843419 -pie -z now -z relro -o cmTC_ad5d6 /work/crosscompile/gcc-ubuntu-11.4.0-hobot-x86_64-aarch64-linux-gnu/usr/bin/../lib/gcc-cross/aarch64-linux-gnu/11/../../../../aarch64-linux-gnu/lib/../lib/Scrt1.o /work/crosscompile/gcc-ubuntu-11.4.0-hobot-x86_64-aarch64-linux-gnu/usr/bin/../lib/gcc-cross/aarch64-linux-gnu/11/../../../../aarch64-linux-gnu/lib/../lib/crti.o /work/crosscompile/gcc-ubuntu-11.4.0-hobot-x86_64-aarch64-linux-gnu/usr/bin/../lib/gcc-cross/aarch64-linux-gnu/11/crtbeginS.o -L/work/crosscompile/gcc-ubuntu-11.4.0-hobot-x86_64-aarch64-linux-gnu/usr/bin/../lib/gcc-cross/aarch64-linux-gnu/11 -L/work/crosscompile/gcc-ubuntu-11.4.0-hobot-x86_64-aarch64-linux-gnu/usr/bin/../lib/gcc-cross/aarch64-linux-gnu -L/work/crosscompile/gcc-ubuntu-11.4.0-hobot-x86_64-aarch64-linux-gnu/usr/bin/../lib/gcc-cross -L/work/crosscompile/gcc-ubuntu-11.4.0-hobot-x86_64-aarch64-linux-gnu/usr/bin/../lib/gcc-cross/aarch64-linux-gnu/11/../../../../aarch64-linux-gnu/lib/../lib -L/lib/aarch64-linux-gnu -L/lib/../lib -L/usr/lib/aarch64-linux-gnu -L/usr/lib/../lib -L/work/crosscompile/gcc-ubuntu-11.4.0-hobot-x86_64-aarch64-linux-gnu/usr/bin/../lib/gcc-cross/aarch64-linux-gnu/11/../../../../aarch64-linux-gnu/lib CMakeFiles/cmTC_ad5d6.dir/CMakeCXXCompilerABI.cpp.o -lstdc++ -lm -lgcc_s -lgcc -lc -lgcc_s -lgcc /work/crosscompile/gcc-ubuntu-11.4.0-hobot-x86_64-aarch64-linux-gnu/usr/bin/../lib/gcc-cross/aarch64-linux-gnu/11/crtendS.o /work/crosscompile/gcc-ubuntu-11.4.0-hobot-x86_64-aarch64-linux-gnu/usr/bin/../lib/gcc-cross/aarch64-linux-gnu/11/../../../../aarch64-linux-gnu/lib/../lib/crtn.o]
    arg [/work/crosscompile/gcc-ubuntu-11.4.0-hobot-x86_64-aarch64-linux-gnu/usr/bin/../lib/gcc-cross/aarch64-linux-gnu/11/collect2] ==> ignore
    arg [-plugin] ==> ignore
    arg [/work/crosscompile/gcc-ubuntu-11.4.0-hobot-x86_64-aarch64-linux-gnu/usr/bin/../lib/gcc-cross/aarch64-linux-gnu/11/liblto_plugin.so] ==> ignore
    arg [-plugin-opt=/work/crosscompile/gcc-ubuntu-11.4.0-hobot-x86_64-aarch64-linux-gnu/usr/bin/../lib/gcc-cross/aarch64-linux-gnu/11/lto-wrapper] ==> ignore
    arg [-plugin-opt=-fresolution=/tmp/ccC7o2cn.res] ==> ignore
    arg [-plugin-opt=-pass-through=-lgcc_s] ==> ignore
    arg [-plugin-opt=-pass-through=-lgcc] ==> ignore
    arg [-plugin-opt=-pass-through=-lc] ==> ignore
    arg [-plugin-opt=-pass-through=-lgcc_s] ==> ignore
    arg [-plugin-opt=-pass-through=-lgcc] ==> ignore
    arg [--sysroot=/] ==> ignore
    arg [--build-id] ==> ignore
    arg [--eh-frame-hdr] ==> ignore
    arg [--hash-style=gnu] ==> ignore
    arg [--as-needed] ==> ignore
    arg [-export-dynamic] ==> ignore
    arg [-dynamic-linker] ==> ignore
    arg [/lib/ld-linux-aarch64.so.1] ==> ignore
    arg [-X] ==> ignore
    arg [-EL] ==> ignore
    arg [-maarch64linux] ==> ignore
    arg [--fix-cortex-a53-843419] ==> ignore
    arg [-pie] ==> ignore
    arg [-znow] ==> ignore
    arg [-zrelro] ==> ignore
    arg [-o] ==> ignore
    arg [cmTC_ad5d6] ==> ignore
    arg [/work/crosscompile/gcc-ubuntu-11.4.0-hobot-x86_64-aarch64-linux-gnu/usr/bin/../lib/gcc-cross/aarch64-linux-gnu/11/../../../../aarch64-linux-gnu/lib/../lib/Scrt1.o] ==> obj [/work/crosscompile/gcc-ubuntu-11.4.0-hobot-x86_64-aarch64-linux-gnu/usr/bin/../lib/gcc-cross/aarch64-linux-gnu/11/../../../../aarch64-linux-gnu/lib/../lib/Scrt1.o]
    arg [/work/crosscompile/gcc-ubuntu-11.4.0-hobot-x86_64-aarch64-linux-gnu/usr/bin/../lib/gcc-cross/aarch64-linux-gnu/11/../../../../aarch64-linux-gnu/lib/../lib/crti.o] ==> obj [/work/crosscompile/gcc-ubuntu-11.4.0-hobot-x86_64-aarch64-linux-gnu/usr/bin/../lib/gcc-cross/aarch64-linux-gnu/11/../../../../aarch64-linux-gnu/lib/../lib/crti.o]
    arg [/work/crosscompile/gcc-ubuntu-11.4.0-hobot-x86_64-aarch64-linux-gnu/usr/bin/../lib/gcc-cross/aarch64-linux-gnu/11/crtbeginS.o] ==> obj [/work/crosscompile/gcc-ubuntu-11.4.0-hobot-x86_64-aarch64-linux-gnu/usr/bin/../lib/gcc-cross/aarch64-linux-gnu/11/crtbeginS.o]
    arg [-L/work/crosscompile/gcc-ubuntu-11.4.0-hobot-x86_64-aarch64-linux-gnu/usr/bin/../lib/gcc-cross/aarch64-linux-gnu/11] ==> dir [/work/crosscompile/gcc-ubuntu-11.4.0-hobot-x86_64-aarch64-linux-gnu/usr/bin/../lib/gcc-cross/aarch64-linux-gnu/11]
    arg [-L/work/crosscompile/gcc-ubuntu-11.4.0-hobot-x86_64-aarch64-linux-gnu/usr/bin/../lib/gcc-cross/aarch64-linux-gnu] ==> dir [/work/crosscompile/gcc-ubuntu-11.4.0-hobot-x86_64-aarch64-linux-gnu/usr/bin/../lib/gcc-cross/aarch64-linux-gnu]
    arg [-L/work/crosscompile/gcc-ubuntu-11.4.0-hobot-x86_64-aarch64-linux-gnu/usr/bin/../lib/gcc-cross] ==> dir [/work/crosscompile/gcc-ubuntu-11.4.0-hobot-x86_64-aarch64-linux-gnu/usr/bin/../lib/gcc-cross]
    arg [-L/work/crosscompile/gcc-ubuntu-11.4.0-hobot-x86_64-aarch64-linux-gnu/usr/bin/../lib/gcc-cross/aarch64-linux-gnu/11/../../../../aarch64-linux-gnu/lib/../lib] ==> dir [/work/crosscompile/gcc-ubuntu-11.4.0-hobot-x86_64-aarch64-linux-gnu/usr/bin/../lib/gcc-cross/aarch64-linux-gnu/11/../../../../aarch64-linux-gnu/lib/../lib]
    arg [-L/lib/aarch64-linux-gnu] ==> dir [/lib/aarch64-linux-gnu]
    arg [-L/lib/../lib] ==> dir [/lib/../lib]
    arg [-L/usr/lib/aarch64-linux-gnu] ==> dir [/usr/lib/aarch64-linux-gnu]
    arg [-L/usr/lib/../lib] ==> dir [/usr/lib/../lib]
    arg [-L/work/crosscompile/gcc-ubuntu-11.4.0-hobot-x86_64-aarch64-linux-gnu/usr/bin/../lib/gcc-cross/aarch64-linux-gnu/11/../../../../aarch64-linux-gnu/lib] ==> dir [/work/crosscompile/gcc-ubuntu-11.4.0-hobot-x86_64-aarch64-linux-gnu/usr/bin/../lib/gcc-cross/aarch64-linux-gnu/11/../../../../aarch64-linux-gnu/lib]
    arg [CMakeFiles/cmTC_ad5d6.dir/CMakeCXXCompilerABI.cpp.o] ==> ignore
    arg [-lstdc++] ==> lib [stdc++]
    arg [-lm] ==> lib [m]
    arg [-lgcc_s] ==> lib [gcc_s]
    arg [-lgcc] ==> lib [gcc]
    arg [-lc] ==> lib [c]
    arg [-lgcc_s] ==> lib [gcc_s]
    arg [-lgcc] ==> lib [gcc]
    arg [/work/crosscompile/gcc-ubuntu-11.4.0-hobot-x86_64-aarch64-linux-gnu/usr/bin/../lib/gcc-cross/aarch64-linux-gnu/11/crtendS.o] ==> obj [/work/crosscompile/gcc-ubuntu-11.4.0-hobot-x86_64-aarch64-linux-gnu/usr/bin/../lib/gcc-cross/aarch64-linux-gnu/11/crtendS.o]
    arg [/work/crosscompile/gcc-ubuntu-11.4.0-hobot-x86_64-aarch64-linux-gnu/usr/bin/../lib/gcc-cross/aarch64-linux-gnu/11/../../../../aarch64-linux-gnu/lib/../lib/crtn.o] ==> obj [/work/crosscompile/gcc-ubuntu-11.4.0-hobot-x86_64-aarch64-linux-gnu/usr/bin/../lib/gcc-cross/aarch64-linux-gnu/11/../../../../aarch64-linux-gnu/lib/../lib/crtn.o]
  collapse obj [/work/crosscompile/gcc-ubuntu-11.4.0-hobot-x86_64-aarch64-linux-gnu/usr/bin/../lib/gcc-cross/aarch64-linux-gnu/11/../../../../aarch64-linux-gnu/lib/../lib/Scrt1.o] ==> [/work/crosscompile/gcc-ubuntu-11.4.0-hobot-x86_64-aarch64-linux-gnu/usr/aarch64-linux-gnu/lib/Scrt1.o]
  collapse obj [/work/crosscompile/gcc-ubuntu-11.4.0-hobot-x86_64-aarch64-linux-gnu/usr/bin/../lib/gcc-cross/aarch64-linux-gnu/11/../../../../aarch64-linux-gnu/lib/../lib/crti.o] ==> [/work/crosscompile/gcc-ubuntu-11.4.0-hobot-x86_64-aarch64-linux-gnu/usr/aarch64-linux-gnu/lib/crti.o]
  collapse obj [/work/crosscompile/gcc-ubuntu-11.4.0-hobot-x86_64-aarch64-linux-gnu/usr/bin/../lib/gcc-cross/aarch64-linux-gnu/11/crtbeginS.o] ==> [/work/crosscompile/gcc-ubuntu-11.4.0-hobot-x86_64-aarch64-linux-gnu/usr/lib/gcc-cross/aarch64-linux-gnu/11/crtbeginS.o]
  collapse obj [/work/crosscompile/gcc-ubuntu-11.4.0-hobot-x86_64-aarch64-linux-gnu/usr/bin/../lib/gcc-cross/aarch64-linux-gnu/11/crtendS.o] ==> [/work/crosscompile/gcc-ubuntu-11.4.0-hobot-x86_64-aarch64-linux-gnu/usr/lib/gcc-cross/aarch64-linux-gnu/11/crtendS.o]
  collapse obj [/work/crosscompile/gcc-ubuntu-11.4.0-hobot-x86_64-aarch64-linux-gnu/usr/bin/../lib/gcc-cross/aarch64-linux-gnu/11/../../../../aarch64-linux-gnu/lib/../lib/crtn.o] ==> [/work/crosscompile/gcc-ubuntu-11.4.0-hobot-x86_64-aarch64-linux-gnu/usr/aarch64-linux-gnu/lib/crtn.o]
  collapse library dir [/work/crosscompile/gcc-ubuntu-11.4.0-hobot-x86_64-aarch64-linux-gnu/usr/bin/../lib/gcc-cross/aarch64-linux-gnu/11] ==> [/work/crosscompile/gcc-ubuntu-11.4.0-hobot-x86_64-aarch64-linux-gnu/usr/lib/gcc-cross/aarch64-linux-gnu/11]
  collapse library dir [/work/crosscompile/gcc-ubuntu-11.4.0-hobot-x86_64-aarch64-linux-gnu/usr/bin/../lib/gcc-cross/aarch64-linux-gnu] ==> [/work/crosscompile/gcc-ubuntu-11.4.0-hobot-x86_64-aarch64-linux-gnu/usr/lib/gcc-cross/aarch64-linux-gnu]
  collapse library dir [/work/crosscompile/gcc-ubuntu-11.4.0-hobot-x86_64-aarch64-linux-gnu/usr/bin/../lib/gcc-cross] ==> [/work/crosscompile/gcc-ubuntu-11.4.0-hobot-x86_64-aarch64-linux-gnu/usr/lib/gcc-cross]
  collapse library dir [/work/crosscompile/gcc-ubuntu-11.4.0-hobot-x86_64-aarch64-linux-gnu/usr/bin/../lib/gcc-cross/aarch64-linux-gnu/11/../../../../aarch64-linux-gnu/lib/../lib] ==> [/work/crosscompile/gcc-ubuntu-11.4.0-hobot-x86_64-aarch64-linux-gnu/usr/aarch64-linux-gnu/lib]
  collapse library dir [/lib/aarch64-linux-gnu] ==> [/lib/aarch64-linux-gnu]
  collapse library dir [/lib/../lib] ==> [/lib]
  collapse library dir [/usr/lib/aarch64-linux-gnu] ==> [/usr/lib/aarch64-linux-gnu]
  collapse library dir [/usr/lib/../lib] ==> [/usr/lib]
  collapse library dir [/work/crosscompile/gcc-ubuntu-11.4.0-hobot-x86_64-aarch64-linux-gnu/usr/bin/../lib/gcc-cross/aarch64-linux-gnu/11/../../../../aarch64-linux-gnu/lib] ==> [/work/crosscompile/gcc-ubuntu-11.4.0-hobot-x86_64-aarch64-linux-gnu/usr/aarch64-linux-gnu/lib]
  implicit libs: [stdc++;m;gcc_s;gcc;c;gcc_s;gcc]
  implicit objs: [/work/crosscompile/gcc-ubuntu-11.4.0-hobot-x86_64-aarch64-linux-gnu/usr/aarch64-linux-gnu/lib/Scrt1.o;/work/crosscompile/gcc-ubuntu-11.4.0-hobot-x86_64-aarch64-linux-gnu/usr/aarch64-linux-gnu/lib/crti.o;/work/crosscompile/gcc-ubuntu-11.4.0-hobot-x86_64-aarch64-linux-gnu/usr/lib/gcc-cross/aarch64-linux-gnu/11/crtbeginS.o;/work/crosscompile/gcc-ubuntu-11.4.0-hobot-x86_64-aarch64-linux-gnu/usr/lib/gcc-cross/aarch64-linux-gnu/11/crtendS.o;/work/crosscompile/gcc-ubuntu-11.4.0-hobot-x86_64-aarch64-linux-gnu/usr/aarch64-linux-gnu/lib/crtn.o]
  implicit dirs: [/work/crosscompile/gcc-ubuntu-11.4.0-hobot-x86_64-aarch64-linux-gnu/usr/lib/gcc-cross/aarch64-linux-gnu/11;/work/crosscompile/gcc-ubuntu-11.4.0-hobot-x86_64-aarch64-linux-gnu/usr/lib/gcc-cross/aarch64-linux-gnu;/work/crosscompile/gcc-ubuntu-11.4.0-hobot-x86_64-aarch64-linux-gnu/usr/lib/gcc-cross;/work/crosscompile/gcc-ubuntu-11.4.0-hobot-x86_64-aarch64-linux-gnu/usr/aarch64-linux-gnu/lib;/lib/aarch64-linux-gnu;/lib;/usr/lib/aarch64-linux-gnu;/usr/lib]
  implicit fwks: []


Performing C SOURCE FILE Test CMAKE_HAVE_LIBC_PTHREAD succeeded with the following output:
Change Dir: /host/common_package/map/map_loader/build/CMakeFiles/CMakeScratch/TryCompile-3gKUUF

Run Build Command(s):/usr/bin/gmake -f Makefile cmTC_6a810/fast && /usr/bin/gmake  -f CMakeFiles/cmTC_6a810.dir/build.make CMakeFiles/cmTC_6a810.dir/build
gmake[1]: Entering directory '/host/common_package/map/map_loader/build/CMakeFiles/CMakeScratch/TryCompile-3gKUUF'
Building C object CMakeFiles/cmTC_6a810.dir/src.c.o
/work/crosscompile/gcc-ubuntu-11.4.0-hobot-x86_64-aarch64-linux-gnu/usr/bin/aarch64-linux-gnu-gcc --sysroot=/work/crosscompile -DCMAKE_HAVE_LIBC_PTHREAD   -o CMakeFiles/cmTC_6a810.dir/src.c.o -c /host/common_package/map/map_loader/build/CMakeFiles/CMakeScratch/TryCompile-3gKUUF/src.c
Linking C executable cmTC_6a810
/usr/local/bin/cmake -E cmake_link_script CMakeFiles/cmTC_6a810.dir/link.txt --verbose=1
/work/crosscompile/gcc-ubuntu-11.4.0-hobot-x86_64-aarch64-linux-gnu/usr/bin/aarch64-linux-gnu-gcc --sysroot=/work/crosscompile CMakeFiles/cmTC_6a810.dir/src.c.o -o cmTC_6a810 
gmake[1]: Leaving directory '/host/common_package/map/map_loader/build/CMakeFiles/CMakeScratch/TryCompile-3gKUUF'


Source file was:
#include <pthread.h>

static void* test_func(void* data)
{
  return data;
}

int main(void)
{
  pthread_t thread;
  pthread_create(&thread, NULL, test_func, NULL);
  pthread_detach(thread);
  pthread_cancel(thread);
  pthread_join(thread, NULL);
  pthread_atfork(NULL, NULL, NULL);
  pthread_exit(NULL);

  return 0;
}


Determining if the function XOpenDisplay exists in the /work/crosscompile/usr/local/lib/libX11.so;/work/crosscompile/usr/lib/aarch64-linux-gnu/libXext.so passed with the following output:
Change Dir: /host/common_package/map/map_loader/build/CMakeFiles/CMakeScratch/TryCompile-dK2jWv

Run Build Command(s):/usr/bin/gmake -f Makefile cmTC_acd78/fast && /usr/bin/gmake  -f CMakeFiles/cmTC_acd78.dir/build.make CMakeFiles/cmTC_acd78.dir/build
gmake[1]: Entering directory '/host/common_package/map/map_loader/build/CMakeFiles/CMakeScratch/TryCompile-dK2jWv'
Building C object CMakeFiles/cmTC_acd78.dir/CheckFunctionExists.c.o
/work/crosscompile/gcc-ubuntu-11.4.0-hobot-x86_64-aarch64-linux-gnu/usr/bin/aarch64-linux-gnu-gcc --sysroot=/work/crosscompile   -DCHECK_FUNCTION_EXISTS=XOpenDisplay -o CMakeFiles/cmTC_acd78.dir/CheckFunctionExists.c.o -c /host/common_package/map/map_loader/build/CMakeFiles/CMakeScratch/TryCompile-dK2jWv/CheckFunctionExists.c
Linking C executable cmTC_acd78
/usr/local/bin/cmake -E cmake_link_script CMakeFiles/cmTC_acd78.dir/link.txt --verbose=1
/work/crosscompile/gcc-ubuntu-11.4.0-hobot-x86_64-aarch64-linux-gnu/usr/bin/aarch64-linux-gnu-gcc --sysroot=/work/crosscompile  -DCHECK_FUNCTION_EXISTS=XOpenDisplay CMakeFiles/cmTC_acd78.dir/CheckFunctionExists.c.o -o cmTC_acd78   -L/work/crosscompile/usr/local/lib  -Wl,-rpath,/usr/local/lib:/usr/lib/aarch64-linux-gnu /work/crosscompile/usr/local/lib/libX11.so /work/crosscompile/usr/lib/aarch64-linux-gnu/libXext.so 
gmake[1]: Leaving directory '/host/common_package/map/map_loader/build/CMakeFiles/CMakeScratch/TryCompile-dK2jWv'



Determining if the function gethostbyname exists passed with the following output:
Change Dir: /host/common_package/map/map_loader/build/CMakeFiles/CMakeScratch/TryCompile-ccAgGx

Run Build Command(s):/usr/bin/gmake -f Makefile cmTC_c199f/fast && /usr/bin/gmake  -f CMakeFiles/cmTC_c199f.dir/build.make CMakeFiles/cmTC_c199f.dir/build
gmake[1]: Entering directory '/host/common_package/map/map_loader/build/CMakeFiles/CMakeScratch/TryCompile-ccAgGx'
Building C object CMakeFiles/cmTC_c199f.dir/CheckFunctionExists.c.o
/work/crosscompile/gcc-ubuntu-11.4.0-hobot-x86_64-aarch64-linux-gnu/usr/bin/aarch64-linux-gnu-gcc --sysroot=/work/crosscompile   -DCHECK_FUNCTION_EXISTS=gethostbyname -o CMakeFiles/cmTC_c199f.dir/CheckFunctionExists.c.o -c /host/common_package/map/map_loader/build/CMakeFiles/CMakeScratch/TryCompile-ccAgGx/CheckFunctionExists.c
Linking C executable cmTC_c199f
/usr/local/bin/cmake -E cmake_link_script CMakeFiles/cmTC_c199f.dir/link.txt --verbose=1
/work/crosscompile/gcc-ubuntu-11.4.0-hobot-x86_64-aarch64-linux-gnu/usr/bin/aarch64-linux-gnu-gcc --sysroot=/work/crosscompile  -DCHECK_FUNCTION_EXISTS=gethostbyname CMakeFiles/cmTC_c199f.dir/CheckFunctionExists.c.o -o cmTC_c199f 
gmake[1]: Leaving directory '/host/common_package/map/map_loader/build/CMakeFiles/CMakeScratch/TryCompile-ccAgGx'



Determining if the function connect exists passed with the following output:
Change Dir: /host/common_package/map/map_loader/build/CMakeFiles/CMakeScratch/TryCompile-7VjFEG

Run Build Command(s):/usr/bin/gmake -f Makefile cmTC_5f0fb/fast && /usr/bin/gmake  -f CMakeFiles/cmTC_5f0fb.dir/build.make CMakeFiles/cmTC_5f0fb.dir/build
gmake[1]: Entering directory '/host/common_package/map/map_loader/build/CMakeFiles/CMakeScratch/TryCompile-7VjFEG'
Building C object CMakeFiles/cmTC_5f0fb.dir/CheckFunctionExists.c.o
/work/crosscompile/gcc-ubuntu-11.4.0-hobot-x86_64-aarch64-linux-gnu/usr/bin/aarch64-linux-gnu-gcc --sysroot=/work/crosscompile   -DCHECK_FUNCTION_EXISTS=connect -o CMakeFiles/cmTC_5f0fb.dir/CheckFunctionExists.c.o -c /host/common_package/map/map_loader/build/CMakeFiles/CMakeScratch/TryCompile-7VjFEG/CheckFunctionExists.c
Linking C executable cmTC_5f0fb
/usr/local/bin/cmake -E cmake_link_script CMakeFiles/cmTC_5f0fb.dir/link.txt --verbose=1
/work/crosscompile/gcc-ubuntu-11.4.0-hobot-x86_64-aarch64-linux-gnu/usr/bin/aarch64-linux-gnu-gcc --sysroot=/work/crosscompile  -DCHECK_FUNCTION_EXISTS=connect CMakeFiles/cmTC_5f0fb.dir/CheckFunctionExists.c.o -o cmTC_5f0fb 
gmake[1]: Leaving directory '/host/common_package/map/map_loader/build/CMakeFiles/CMakeScratch/TryCompile-7VjFEG'



Determining if the function remove exists passed with the following output:
Change Dir: /host/common_package/map/map_loader/build/CMakeFiles/CMakeScratch/TryCompile-reeTTm

Run Build Command(s):/usr/bin/gmake -f Makefile cmTC_93f87/fast && /usr/bin/gmake  -f CMakeFiles/cmTC_93f87.dir/build.make CMakeFiles/cmTC_93f87.dir/build
gmake[1]: Entering directory '/host/common_package/map/map_loader/build/CMakeFiles/CMakeScratch/TryCompile-reeTTm'
Building C object CMakeFiles/cmTC_93f87.dir/CheckFunctionExists.c.o
/work/crosscompile/gcc-ubuntu-11.4.0-hobot-x86_64-aarch64-linux-gnu/usr/bin/aarch64-linux-gnu-gcc --sysroot=/work/crosscompile   -DCHECK_FUNCTION_EXISTS=remove -o CMakeFiles/cmTC_93f87.dir/CheckFunctionExists.c.o -c /host/common_package/map/map_loader/build/CMakeFiles/CMakeScratch/TryCompile-reeTTm/CheckFunctionExists.c
Linking C executable cmTC_93f87
/usr/local/bin/cmake -E cmake_link_script CMakeFiles/cmTC_93f87.dir/link.txt --verbose=1
/work/crosscompile/gcc-ubuntu-11.4.0-hobot-x86_64-aarch64-linux-gnu/usr/bin/aarch64-linux-gnu-gcc --sysroot=/work/crosscompile  -DCHECK_FUNCTION_EXISTS=remove CMakeFiles/cmTC_93f87.dir/CheckFunctionExists.c.o -o cmTC_93f87 
gmake[1]: Leaving directory '/host/common_package/map/map_loader/build/CMakeFiles/CMakeScratch/TryCompile-reeTTm'



Determining if the function shmat exists passed with the following output:
Change Dir: /host/common_package/map/map_loader/build/CMakeFiles/CMakeScratch/TryCompile-1I1JRR

Run Build Command(s):/usr/bin/gmake -f Makefile cmTC_35a40/fast && /usr/bin/gmake  -f CMakeFiles/cmTC_35a40.dir/build.make CMakeFiles/cmTC_35a40.dir/build
gmake[1]: Entering directory '/host/common_package/map/map_loader/build/CMakeFiles/CMakeScratch/TryCompile-1I1JRR'
Building C object CMakeFiles/cmTC_35a40.dir/CheckFunctionExists.c.o
/work/crosscompile/gcc-ubuntu-11.4.0-hobot-x86_64-aarch64-linux-gnu/usr/bin/aarch64-linux-gnu-gcc --sysroot=/work/crosscompile   -DCHECK_FUNCTION_EXISTS=shmat -o CMakeFiles/cmTC_35a40.dir/CheckFunctionExists.c.o -c /host/common_package/map/map_loader/build/CMakeFiles/CMakeScratch/TryCompile-1I1JRR/CheckFunctionExists.c
Linking C executable cmTC_35a40
/usr/local/bin/cmake -E cmake_link_script CMakeFiles/cmTC_35a40.dir/link.txt --verbose=1
/work/crosscompile/gcc-ubuntu-11.4.0-hobot-x86_64-aarch64-linux-gnu/usr/bin/aarch64-linux-gnu-gcc --sysroot=/work/crosscompile  -DCHECK_FUNCTION_EXISTS=shmat CMakeFiles/cmTC_35a40.dir/CheckFunctionExists.c.o -o cmTC_35a40 
gmake[1]: Leaving directory '/host/common_package/map/map_loader/build/CMakeFiles/CMakeScratch/TryCompile-1I1JRR'



Determining if the function IceConnectionNumber exists in the ICE passed with the following output:
Change Dir: /host/common_package/map/map_loader/build/CMakeFiles/CMakeScratch/TryCompile-mzroR6

Run Build Command(s):/usr/bin/gmake -f Makefile cmTC_095d3/fast && /usr/bin/gmake  -f CMakeFiles/cmTC_095d3.dir/build.make CMakeFiles/cmTC_095d3.dir/build
gmake[1]: Entering directory '/host/common_package/map/map_loader/build/CMakeFiles/CMakeScratch/TryCompile-mzroR6'
Building C object CMakeFiles/cmTC_095d3.dir/CheckFunctionExists.c.o
/work/crosscompile/gcc-ubuntu-11.4.0-hobot-x86_64-aarch64-linux-gnu/usr/bin/aarch64-linux-gnu-gcc --sysroot=/work/crosscompile   -DCHECK_FUNCTION_EXISTS=IceConnectionNumber -o CMakeFiles/cmTC_095d3.dir/CheckFunctionExists.c.o -c /host/common_package/map/map_loader/build/CMakeFiles/CMakeScratch/TryCompile-mzroR6/CheckFunctionExists.c
Linking C executable cmTC_095d3
/usr/local/bin/cmake -E cmake_link_script CMakeFiles/cmTC_095d3.dir/link.txt --verbose=1
/work/crosscompile/gcc-ubuntu-11.4.0-hobot-x86_64-aarch64-linux-gnu/usr/bin/aarch64-linux-gnu-gcc --sysroot=/work/crosscompile  -DCHECK_FUNCTION_EXISTS=IceConnectionNumber CMakeFiles/cmTC_095d3.dir/CheckFunctionExists.c.o -o cmTC_095d3   -L/work/crosscompile/usr/local/lib  -Wl,-rpath,/usr/local/lib -lICE 
gmake[1]: Leaving directory '/host/common_package/map/map_loader/build/CMakeFiles/CMakeScratch/TryCompile-mzroR6'



